
Feb 16, 2018 15:17:10.22 NEW SESSION
Feb 16, 2018 15:17:10.22 [3632:1448:0216/151710.222:ERROR:backend_impl.cc(1055)] Critical error found -8
Feb 16, 2018 15:17:10.22 [3632:1448:0216/151710.223:ERROR:entry_impl.cc(1037)] No file for a0013b77
Feb 16, 2018 15:17:13.69 [3632:1448:0216/151713.690:ERROR:backend_impl.cc(1055)] Critical error found -8
Feb 16, 2018 15:17:13.69 [3632:1448:0216/151713.691:ERROR:entry_impl.cc(962)] Failed to save user data
Feb 16, 2018 15:18:06.22 [3632:4560:0216/151806.224:ERROR:persistent_memory_allocator.cc(844)] Corruption detected in shared-memory segment.
Feb 16, 2018 15:19:07.25 [3632:3564:0216/151907.258:ERROR:process_metrics.cc(105)] NOT IMPLEMENTED
Feb 16, 2018 15:19:07.25 [3632:3564:0216/151907.258:ERROR:process_metrics.cc(105)] NOT IMPLEMENTED
Feb 16, 2018 15:19:07.26 [3632:3564:0216/151907.258:ERROR:process_metrics.cc(105)] NOT IMPLEMENTED
Feb 16, 2018 15:21:07.26 [3632:3564:0216/152107.261:ERROR:process_metrics.cc(105)] NOT IMPLEMENTED
Feb 16, 2018 15:21:07.26 [3632:3564:0216/152107.261:ERROR:process_metrics.cc(105)] NOT IMPLEMENTED
Feb 16, 2018 15:21:07.26 [3632:3564:0216/152107.261:ERROR:process_metrics.cc(105)] NOT IMPLEMENTED
Feb 16, 2018 15:23:07.26 [3632:3564:0216/152307.263:ERROR:process_metrics.cc(105)] NOT IMPLEMENTED
Feb 16, 2018 15:23:07.26 [3632:3564:0216/152307.263:ERROR:process_metrics.cc(105)] NOT IMPLEMENTED
Feb 16, 2018 15:23:07.26 [3632:3564:0216/152307.263:ERROR:process_metrics.cc(105)] NOT IMPLEMENTED
Feb 16, 2018 15:23:07.26 [3632:3564:0216/152307.263:ERROR:process_metrics.cc(105)] NOT IMPLEMENTED
Feb 16, 2018 15:23:18.85 [3632:1448:0216/152318.849:ERROR:backend_impl.cc(1055)] Critical error found -8
Feb 16, 2018 15:25:07.26 [3632:3564:0216/152507.266:ERROR:process_metrics.cc(105)] NOT IMPLEMENTED
Feb 16, 2018 15:25:07.26 [3632:3564:0216/152507.266:ERROR:process_metrics.cc(105)] NOT IMPLEMENTED
Feb 16, 2018 15:25:07.26 [3632:3564:0216/152507.266:ERROR:process_metrics.cc(105)] NOT IMPLEMENTED
Feb 16, 2018 15:25:07.26 [3632:3564:0216/152507.266:ERROR:process_metrics.cc(105)] NOT IMPLEMENTED
Feb 16, 2018 15:27:07.29 [3632:3564:0216/152707.292:ERROR:process_metrics.cc(105)] NOT IMPLEMENTED
Feb 16, 2018 15:27:07.29 [3632:3564:0216/152707.292:ERROR:process_metrics.cc(105)] NOT IMPLEMENTED
Feb 16, 2018 15:27:07.29 [3632:3564:0216/152707.292:ERROR:process_metrics.cc(105)] NOT IMPLEMENTED
Feb 16, 2018 15:27:07.29 [3632:3564:0216/152707.292:ERROR:process_metrics.cc(105)] NOT IMPLEMENTED
Feb 16, 2018 15:29:07.29 [3632:3564:0216/152907.295:ERROR:process_metrics.cc(105)] NOT IMPLEMENTED
Feb 16, 2018 15:29:07.29 [3632:3564:0216/152907.295:ERROR:process_metrics.cc(105)] NOT IMPLEMENTED
Feb 16, 2018 15:29:07.29 [3632:3564:0216/152907.295:ERROR:process_metrics.cc(105)] NOT IMPLEMENTED
Feb 16, 2018 15:29:07.29 [3632:3564:0216/152907.295:ERROR:process_metrics.cc(105)] NOT IMPLEMENTED
Feb 16, 2018 15:31:07.30 [3632:3564:0216/153107.303:ERROR:process_metrics.cc(105)] NOT IMPLEMENTED
Feb 16, 2018 15:31:07.30 [3632:3564:0216/153107.303:ERROR:process_metrics.cc(105)] NOT IMPLEMENTED
Feb 16, 2018 15:31:07.30 [3632:3564:0216/153107.303:ERROR:process_metrics.cc(105)] NOT IMPLEMENTED
Feb 16, 2018 15:31:07.30 [3632:3564:0216/153107.303:ERROR:process_metrics.cc(105)] NOT IMPLEMENTED
Feb 16, 2018 15:33:07.30 [3632:3564:0216/153307.304:ERROR:process_metrics.cc(105)] NOT IMPLEMENTED
Feb 16, 2018 15:33:07.30 [3632:3564:0216/153307.304:ERROR:process_metrics.cc(105)] NOT IMPLEMENTED
Feb 16, 2018 15:33:07.30 [3632:3564:0216/153307.304:ERROR:process_metrics.cc(105)] NOT IMPLEMENTED
Feb 16, 2018 15:33:07.30 [3632:3564:0216/153307.304:ERROR:process_metrics.cc(105)] NOT IMPLEMENTED
Feb 16, 2018 15:33:07.30 [3632:3564:0216/153307.304:ERROR:process_metrics.cc(105)] NOT IMPLEMENTED
Feb 16, 2018 15:35:07.30 [3632:3564:0216/153507.309:ERROR:process_metrics.cc(105)] NOT IMPLEMENTED
Feb 16, 2018 15:35:07.30 [3632:3564:0216/153507.309:ERROR:process_metrics.cc(105)] NOT IMPLEMENTED
Feb 16, 2018 15:35:07.30 [3632:3564:0216/153507.309:ERROR:process_metrics.cc(105)] NOT IMPLEMENTED
Feb 16, 2018 15:35:07.30 [3632:3564:0216/153507.309:ERROR:process_metrics.cc(105)] NOT IMPLEMENTED
Feb 16, 2018 15:35:07.30 [3632:3564:0216/153507.309:ERROR:process_metrics.cc(105)] NOT IMPLEMENTED
Feb 16, 2018 15:35:07.30 [3632:3564:0216/153507.309:ERROR:process_metrics.cc(105)] NOT IMPLEMENTED
Feb 16, 2018 15:37:07.31 [3632:3564:0216/153707.319:ERROR:process_metrics.cc(105)] NOT IMPLEMENTED
Feb 16, 2018 15:37:07.31 [3632:3564:0216/153707.319:ERROR:process_metrics.cc(105)] NOT IMPLEMENTED
Feb 16, 2018 15:37:07.31 [3632:3564:0216/153707.319:ERROR:process_metrics.cc(105)] NOT IMPLEMENTED
Feb 16, 2018 15:37:07.31 [3632:3564:0216/153707.319:ERROR:process_metrics.cc(105)] NOT IMPLEMENTED
Feb 16, 2018 15:37:07.31 [3632:3564:0216/153707.319:ERROR:process_metrics.cc(105)] NOT IMPLEMENTED
Feb 16, 2018 15:37:07.31 [3632:3564:0216/153707.319:ERROR:process_metrics.cc(105)] NOT IMPLEMENTED
Feb 16, 2018 15:39:07.32 [3632:3564:0216/153907.325:ERROR:process_metrics.cc(105)] NOT IMPLEMENTED
Feb 16, 2018 15:39:07.32 [3632:3564:0216/153907.325:ERROR:process_metrics.cc(105)] NOT IMPLEMENTED
Feb 16, 2018 15:39:07.32 [3632:3564:0216/153907.325:ERROR:process_metrics.cc(105)] NOT IMPLEMENTED
Feb 16, 2018 15:39:07.32 [3632:3564:0216/153907.325:ERROR:process_metrics.cc(105)] NOT IMPLEMENTED
Feb 16, 2018 15:39:07.32 [3632:3564:0216/153907.325:ERROR:process_metrics.cc(105)] NOT IMPLEMENTED
Feb 16, 2018 15:39:07.32 [3632:3564:0216/153907.325:ERROR:process_metrics.cc(105)] NOT IMPLEMENTED
Feb 16, 2018 15:41:07.33 [3632:3564:0216/154107.334:ERROR:process_metrics.cc(105)] NOT IMPLEMENTED
Feb 16, 2018 15:41:07.33 [3632:3564:0216/154107.334:ERROR:process_metrics.cc(105)] NOT IMPLEMENTED
Feb 16, 2018 15:41:07.33 [3632:3564:0216/154107.334:ERROR:process_metrics.cc(105)] NOT IMPLEMENTED
Feb 16, 2018 15:41:07.33 [3632:3564:0216/154107.334:ERROR:process_metrics.cc(105)] NOT IMPLEMENTED
Feb 16, 2018 15:41:07.33 [3632:3564:0216/154107.334:ERROR:process_metrics.cc(105)] NOT IMPLEMENTED
Feb 16, 2018 15:41:07.33 [3632:3564:0216/154107.334:ERROR:process_metrics.cc(105)] NOT IMPLEMENTED
Feb 16, 2018 15:43:07.33 [3632:3564:0216/154307.338:ERROR:process_metrics.cc(105)] NOT IMPLEMENTED
Feb 16, 2018 15:43:07.33 [3632:3564:0216/154307.338:ERROR:process_metrics.cc(105)] NOT IMPLEMENTED
Feb 16, 2018 15:43:07.33 [3632:3564:0216/154307.338:ERROR:process_metrics.cc(105)] NOT IMPLEMENTED
Feb 16, 2018 15:43:07.33 [3632:3564:0216/154307.338:ERROR:process_metrics.cc(105)] NOT IMPLEMENTED
Feb 16, 2018 15:43:07.33 [3632:3564:0216/154307.338:ERROR:process_metrics.cc(105)] NOT IMPLEMENTED
Feb 16, 2018 15:43:07.33 [3632:3564:0216/154307.338:ERROR:process_metrics.cc(105)] NOT IMPLEMENTED
Feb 16, 2018 15:45:07.34 [3632:3564:0216/154507.341:ERROR:process_metrics.cc(105)] NOT IMPLEMENTED
Feb 16, 2018 15:45:07.34 [3632:3564:0216/154507.341:ERROR:process_metrics.cc(105)] NOT IMPLEMENTED
Feb 16, 2018 15:45:07.34 [3632:3564:0216/154507.341:ERROR:process_metrics.cc(105)] NOT IMPLEMENTED
Feb 16, 2018 15:45:07.34 [3632:3564:0216/154507.341:ERROR:process_metrics.cc(105)] NOT IMPLEMENTED
Feb 16, 2018 15:45:07.34 [3632:3564:0216/154507.341:ERROR:process_metrics.cc(105)] NOT IMPLEMENTED
Feb 16, 2018 15:45:07.34 [3632:3564:0216/154507.341:ERROR:process_metrics.cc(105)] NOT IMPLEMENTED
Feb 16, 2018 15:45:07.34 [3632:3564:0216/154507.341:ERROR:process_metrics.cc(105)] NOT IMPLEMENTED
Feb 16, 2018 15:45:12.39 [3632:3564:0216/154512.393:ERROR:service_manager.cc(157)] Connection InterfaceProviderSpec prevented service: content_renderer from binding interface: blink::mojom::ReportingServiceProxy exposed by: content_browser
Feb 16, 2018 15:47:07.35 [3632:3564:0216/154707.350:ERROR:process_metrics.cc(105)] NOT IMPLEMENTED
Feb 16, 2018 15:47:07.35 [3632:3564:0216/154707.350:ERROR:process_metrics.cc(105)] NOT IMPLEMENTED
Feb 16, 2018 15:47:07.35 [3632:3564:0216/154707.350:ERROR:process_metrics.cc(105)] NOT IMPLEMENTED
Feb 16, 2018 15:47:07.35 [3632:3564:0216/154707.350:ERROR:process_metrics.cc(105)] NOT IMPLEMENTED
Feb 16, 2018 15:47:07.35 [3632:3564:0216/154707.350:ERROR:process_metrics.cc(105)] NOT IMPLEMENTED
Feb 16, 2018 15:47:07.35 [3632:3564:0216/154707.350:ERROR:process_metrics.cc(105)] NOT IMPLEMENTED
Feb 16, 2018 15:47:07.35 [3632:3564:0216/154707.350:ERROR:process_metrics.cc(105)] NOT IMPLEMENTED
Feb 16, 2018 15:49:07.35 [3632:3564:0216/154907.355:ERROR:process_metrics.cc(105)] NOT IMPLEMENTED
Feb 16, 2018 15:49:07.35 [3632:3564:0216/154907.355:ERROR:process_metrics.cc(105)] NOT IMPLEMENTED
Feb 16, 2018 15:49:07.35 [3632:3564:0216/154907.355:ERROR:process_metrics.cc(105)] NOT IMPLEMENTED
Feb 16, 2018 15:49:07.35 [3632:3564:0216/154907.355:ERROR:process_metrics.cc(105)] NOT IMPLEMENTED
Feb 16, 2018 15:49:07.35 [3632:3564:0216/154907.355:ERROR:process_metrics.cc(105)] NOT IMPLEMENTED
Feb 16, 2018 15:49:07.35 [3632:3564:0216/154907.355:ERROR:process_metrics.cc(105)] NOT IMPLEMENTED
Feb 16, 2018 15:49:07.35 [3632:3564:0216/154907.355:ERROR:process_metrics.cc(105)] NOT IMPLEMENTED
Feb 16, 2018 15:51:07.36 [3632:3564:0216/155107.364:ERROR:process_metrics.cc(105)] NOT IMPLEMENTED
Feb 16, 2018 15:51:07.36 [3632:3564:0216/155107.364:ERROR:process_metrics.cc(105)] NOT IMPLEMENTED
Feb 16, 2018 15:51:07.36 [3632:3564:0216/155107.364:ERROR:process_metrics.cc(105)] NOT IMPLEMENTED
Feb 16, 2018 15:51:07.36 [3632:3564:0216/155107.364:ERROR:process_metrics.cc(105)] NOT IMPLEMENTED
Feb 16, 2018 15:51:07.36 [3632:3564:0216/155107.364:ERROR:process_metrics.cc(105)] NOT IMPLEMENTED
Feb 16, 2018 15:51:07.36 [3632:3564:0216/155107.364:ERROR:process_metrics.cc(105)] NOT IMPLEMENTED
Feb 16, 2018 15:51:07.36 [3632:3564:0216/155107.364:ERROR:process_metrics.cc(105)] NOT IMPLEMENTED
Feb 16, 2018 15:53:07.40 [3632:3564:0216/155307.404:ERROR:process_metrics.cc(105)] NOT IMPLEMENTED
Feb 16, 2018 15:53:07.40 [3632:3564:0216/155307.404:ERROR:process_metrics.cc(105)] NOT IMPLEMENTED
Feb 16, 2018 15:53:07.40 [3632:3564:0216/155307.404:ERROR:process_metrics.cc(105)] NOT IMPLEMENTED
Feb 16, 2018 15:53:07.40 [3632:3564:0216/155307.404:ERROR:process_metrics.cc(105)] NOT IMPLEMENTED
Feb 16, 2018 15:53:07.40 [3632:3564:0216/155307.404:ERROR:process_metrics.cc(105)] NOT IMPLEMENTED
Feb 16, 2018 15:53:07.40 [3632:3564:0216/155307.404:ERROR:process_metrics.cc(105)] NOT IMPLEMENTED
Feb 16, 2018 15:53:07.40 [3632:3564:0216/155307.404:ERROR:process_metrics.cc(105)] NOT IMPLEMENTED
Feb 16, 2018 15:55:07.41 [3632:3564:0216/155507.414:ERROR:process_metrics.cc(105)] NOT IMPLEMENTED
Feb 16, 2018 15:55:07.41 [3632:3564:0216/155507.414:ERROR:process_metrics.cc(105)] NOT IMPLEMENTED
Feb 16, 2018 15:55:07.41 [3632:3564:0216/155507.414:ERROR:process_metrics.cc(105)] NOT IMPLEMENTED
Feb 16, 2018 15:55:07.41 [3632:3564:0216/155507.414:ERROR:process_metrics.cc(105)] NOT IMPLEMENTED
Feb 16, 2018 15:55:07.41 [3632:3564:0216/155507.414:ERROR:process_metrics.cc(105)] NOT IMPLEMENTED
Feb 16, 2018 15:55:07.41 [3632:3564:0216/155507.414:ERROR:process_metrics.cc(105)] NOT IMPLEMENTED
Feb 16, 2018 15:55:07.41 [3632:3564:0216/155507.414:ERROR:process_metrics.cc(105)] NOT IMPLEMENTED
Feb 16, 2018 15:57:07.42 [3632:3564:0216/155707.423:ERROR:process_metrics.cc(105)] NOT IMPLEMENTED
Feb 16, 2018 15:57:07.42 [3632:3564:0216/155707.423:ERROR:process_metrics.cc(105)] NOT IMPLEMENTED
Feb 16, 2018 15:57:07.42 [3632:3564:0216/155707.423:ERROR:process_metrics.cc(105)] NOT IMPLEMENTED
Feb 16, 2018 15:57:07.42 [3632:3564:0216/155707.423:ERROR:process_metrics.cc(105)] NOT IMPLEMENTED
Feb 16, 2018 15:57:07.42 [3632:3564:0216/155707.423:ERROR:process_metrics.cc(105)] NOT IMPLEMENTED
Feb 16, 2018 15:57:07.42 [3632:3564:0216/155707.423:ERROR:process_metrics.cc(105)] NOT IMPLEMENTED
Feb 16, 2018 15:57:07.42 [3632:3564:0216/155707.423:ERROR:process_metrics.cc(105)] NOT IMPLEMENTED
Feb 16, 2018 15:57:07.42 [3632:3564:0216/155707.423:ERROR:process_metrics.cc(105)] NOT IMPLEMENTED
Feb 16, 2018 15:57:07.42 [3632:3564:0216/155707.423:ERROR:process_metrics.cc(105)] NOT IMPLEMENTED
Feb 16, 2018 15:59:07.42 [3632:3564:0216/155907.428:ERROR:process_metrics.cc(105)] NOT IMPLEMENTED
Feb 16, 2018 15:59:07.42 [3632:3564:0216/155907.428:ERROR:process_metrics.cc(105)] NOT IMPLEMENTED
Feb 16, 2018 15:59:07.42 [3632:3564:0216/155907.428:ERROR:process_metrics.cc(105)] NOT IMPLEMENTED
Feb 16, 2018 15:59:07.42 [3632:3564:0216/155907.428:ERROR:process_metrics.cc(105)] NOT IMPLEMENTED
Feb 16, 2018 15:59:07.42 [3632:3564:0216/155907.428:ERROR:process_metrics.cc(105)] NOT IMPLEMENTED
Feb 16, 2018 15:59:07.42 [3632:3564:0216/155907.428:ERROR:process_metrics.cc(105)] NOT IMPLEMENTED
Feb 16, 2018 15:59:07.42 [3632:3564:0216/155907.428:ERROR:process_metrics.cc(105)] NOT IMPLEMENTED
Feb 16, 2018 15:59:07.42 [3632:3564:0216/155907.428:ERROR:process_metrics.cc(105)] NOT IMPLEMENTED
Feb 16, 2018 16:01:07.43 [3632:3564:0216/160107.433:ERROR:process_metrics.cc(105)] NOT IMPLEMENTED
Feb 16, 2018 16:01:07.43 [3632:3564:0216/160107.433:ERROR:process_metrics.cc(105)] NOT IMPLEMENTED
Feb 16, 2018 16:01:07.43 [3632:3564:0216/160107.433:ERROR:process_metrics.cc(105)] NOT IMPLEMENTED
Feb 16, 2018 16:01:07.43 [3632:3564:0216/160107.433:ERROR:process_metrics.cc(105)] NOT IMPLEMENTED
Feb 16, 2018 16:01:07.43 [3632:3564:0216/160107.433:ERROR:process_metrics.cc(105)] NOT IMPLEMENTED
Feb 16, 2018 16:01:07.43 [3632:3564:0216/160107.433:ERROR:process_metrics.cc(105)] NOT IMPLEMENTED
Feb 16, 2018 16:01:07.43 [3632:3564:0216/160107.433:ERROR:process_metrics.cc(105)] NOT IMPLEMENTED
Feb 16, 2018 16:01:07.43 [3632:3564:0216/160107.433:ERROR:process_metrics.cc(105)] NOT IMPLEMENTED
Feb 16, 2018 16:01:07.43 [3632:3564:0216/160107.433:ERROR:process_metrics.cc(105)] NOT IMPLEMENTED
Feb 16, 2018 16:03:07.43 [3632:3564:0216/160307.438:ERROR:process_metrics.cc(105)] NOT IMPLEMENTED
Feb 16, 2018 16:03:07.43 [3632:3564:0216/160307.438:ERROR:process_metrics.cc(105)] NOT IMPLEMENTED
Feb 16, 2018 16:03:07.43 [3632:3564:0216/160307.438:ERROR:process_metrics.cc(105)] NOT IMPLEMENTED
Feb 16, 2018 16:03:07.43 [3632:3564:0216/160307.438:ERROR:process_metrics.cc(105)] NOT IMPLEMENTED
Feb 16, 2018 16:03:07.43 [3632:3564:0216/160307.438:ERROR:process_metrics.cc(105)] NOT IMPLEMENTED
Feb 16, 2018 16:03:07.43 [3632:3564:0216/160307.438:ERROR:process_metrics.cc(105)] NOT IMPLEMENTED
Feb 16, 2018 16:03:07.43 [3632:3564:0216/160307.438:ERROR:process_metrics.cc(105)] NOT IMPLEMENTED
Feb 16, 2018 16:03:07.43 [3632:3564:0216/160307.438:ERROR:process_metrics.cc(105)] NOT IMPLEMENTED
Feb 16, 2018 16:03:07.43 [3632:3564:0216/160307.438:ERROR:process_metrics.cc(105)] NOT IMPLEMENTED
Feb 16, 2018 16:05:07.45 [3632:3564:0216/160507.450:ERROR:process_metrics.cc(105)] NOT IMPLEMENTED
Feb 16, 2018 16:05:07.45 [3632:3564:0216/160507.450:ERROR:process_metrics.cc(105)] NOT IMPLEMENTED
Feb 16, 2018 16:05:07.45 [3632:3564:0216/160507.450:ERROR:process_metrics.cc(105)] NOT IMPLEMENTED
Feb 16, 2018 16:05:07.45 [3632:3564:0216/160507.450:ERROR:process_metrics.cc(105)] NOT IMPLEMENTED
Feb 16, 2018 16:05:07.45 [3632:3564:0216/160507.450:ERROR:process_metrics.cc(105)] NOT IMPLEMENTED
Feb 16, 2018 16:05:07.45 [3632:3564:0216/160507.450:ERROR:process_metrics.cc(105)] NOT IMPLEMENTED
Feb 16, 2018 16:05:07.45 [3632:3564:0216/160507.450:ERROR:process_metrics.cc(105)] NOT IMPLEMENTED
Feb 16, 2018 16:05:07.45 [3632:3564:0216/160507.450:ERROR:process_metrics.cc(105)] NOT IMPLEMENTED
Feb 16, 2018 16:05:07.45 [3632:3564:0216/160507.450:ERROR:process_metrics.cc(105)] NOT IMPLEMENTED
Feb 16, 2018 16:07:07.45 [3632:3564:0216/160707.459:ERROR:process_metrics.cc(105)] NOT IMPLEMENTED
Feb 16, 2018 16:07:07.45 [3632:3564:0216/160707.459:ERROR:process_metrics.cc(105)] NOT IMPLEMENTED
Feb 16, 2018 16:07:07.45 [3632:3564:0216/160707.459:ERROR:process_metrics.cc(105)] NOT IMPLEMENTED
Feb 16, 2018 16:07:07.45 [3632:3564:0216/160707.459:ERROR:process_metrics.cc(105)] NOT IMPLEMENTED
Feb 16, 2018 16:07:07.45 [3632:3564:0216/160707.459:ERROR:process_metrics.cc(105)] NOT IMPLEMENTED
Feb 16, 2018 16:07:07.45 [3632:3564:0216/160707.459:ERROR:process_metrics.cc(105)] NOT IMPLEMENTED
Feb 16, 2018 16:07:07.45 [3632:3564:0216/160707.459:ERROR:process_metrics.cc(105)] NOT IMPLEMENTED
Feb 16, 2018 16:07:07.45 [3632:3564:0216/160707.459:ERROR:process_metrics.cc(105)] NOT IMPLEMENTED
Feb 16, 2018 16:07:07.45 [3632:3564:0216/160707.459:ERROR:process_metrics.cc(105)] NOT IMPLEMENTED
Feb 16, 2018 16:09:07.46 [3632:3564:0216/160907.463:ERROR:process_metrics.cc(105)] NOT IMPLEMENTED
Feb 16, 2018 16:09:07.46 [3632:3564:0216/160907.463:ERROR:process_metrics.cc(105)] NOT IMPLEMENTED
Feb 16, 2018 16:09:07.46 [3632:3564:0216/160907.463:ERROR:process_metrics.cc(105)] NOT IMPLEMENTED
Feb 16, 2018 16:09:07.46 [3632:3564:0216/160907.463:ERROR:process_metrics.cc(105)] NOT IMPLEMENTED
Feb 16, 2018 16:09:07.47 [3632:3564:0216/160907.463:ERROR:process_metrics.cc(105)] NOT IMPLEMENTED
Feb 16, 2018 16:09:07.47 [3632:3564:0216/160907.463:ERROR:process_metrics.cc(105)] NOT IMPLEMENTED
Feb 16, 2018 16:09:07.47 [3632:3564:0216/160907.463:ERROR:process_metrics.cc(105)] NOT IMPLEMENTED
Feb 16, 2018 16:09:07.47 [3632:3564:0216/160907.463:ERROR:process_metrics.cc(105)] NOT IMPLEMENTED
Feb 16, 2018 16:11:07.46 [3632:3564:0216/161107.466:ERROR:process_metrics.cc(105)] NOT IMPLEMENTED
Feb 16, 2018 16:11:07.46 [3632:3564:0216/161107.466:ERROR:process_metrics.cc(105)] NOT IMPLEMENTED
Feb 16, 2018 16:11:07.46 [3632:3564:0216/161107.466:ERROR:process_metrics.cc(105)] NOT IMPLEMENTED
Feb 16, 2018 16:11:07.46 [3632:3564:0216/161107.466:ERROR:process_metrics.cc(105)] NOT IMPLEMENTED
Feb 16, 2018 16:11:07.46 [3632:3564:0216/161107.466:ERROR:process_metrics.cc(105)] NOT IMPLEMENTED
Feb 16, 2018 16:11:07.46 [3632:3564:0216/161107.466:ERROR:process_metrics.cc(105)] NOT IMPLEMENTED
Feb 16, 2018 16:11:07.46 [3632:3564:0216/161107.466:ERROR:process_metrics.cc(105)] NOT IMPLEMENTED
Feb 16, 2018 16:11:07.46 [3632:3564:0216/161107.466:ERROR:process_metrics.cc(105)] NOT IMPLEMENTED
Feb 16, 2018 16:13:07.47 [3632:3564:0216/161307.470:ERROR:process_metrics.cc(105)] NOT IMPLEMENTED
Feb 16, 2018 16:13:07.47 [3632:3564:0216/161307.470:ERROR:process_metrics.cc(105)] NOT IMPLEMENTED
Feb 16, 2018 16:13:07.47 [3632:3564:0216/161307.470:ERROR:process_metrics.cc(105)] NOT IMPLEMENTED
Feb 16, 2018 16:13:07.47 [3632:3564:0216/161307.470:ERROR:process_metrics.cc(105)] NOT IMPLEMENTED
Feb 16, 2018 16:13:07.47 [3632:3564:0216/161307.470:ERROR:process_metrics.cc(105)] NOT IMPLEMENTED
Feb 16, 2018 16:13:07.47 [3632:3564:0216/161307.470:ERROR:process_metrics.cc(105)] NOT IMPLEMENTED
Feb 16, 2018 16:13:07.47 [3632:3564:0216/161307.470:ERROR:process_metrics.cc(105)] NOT IMPLEMENTED
Feb 16, 2018 16:13:07.47 [3632:3564:0216/161307.470:ERROR:process_metrics.cc(105)] NOT IMPLEMENTED
Feb 16, 2018 16:13:07.47 [3632:3564:0216/161307.470:ERROR:process_metrics.cc(105)] NOT IMPLEMENTED
Feb 16, 2018 16:13:07.47 [3632:3564:0216/161307.470:ERROR:process_metrics.cc(105)] NOT IMPLEMENTED
Feb 16, 2018 16:15:07.47 [3632:3564:0216/161507.473:ERROR:process_metrics.cc(105)] NOT IMPLEMENTED
Feb 16, 2018 16:15:07.47 [3632:3564:0216/161507.473:ERROR:process_metrics.cc(105)] NOT IMPLEMENTED
Feb 16, 2018 16:15:07.47 [3632:3564:0216/161507.473:ERROR:process_metrics.cc(105)] NOT IMPLEMENTED
Feb 16, 2018 16:15:07.47 [3632:3564:0216/161507.473:ERROR:process_metrics.cc(105)] NOT IMPLEMENTED
Feb 16, 2018 16:15:07.47 [3632:3564:0216/161507.474:ERROR:process_metrics.cc(105)] NOT IMPLEMENTED
Feb 16, 2018 16:15:07.47 [3632:3564:0216/161507.474:ERROR:process_metrics.cc(105)] NOT IMPLEMENTED
Feb 16, 2018 16:15:07.47 [3632:3564:0216/161507.474:ERROR:process_metrics.cc(105)] NOT IMPLEMENTED
Feb 16, 2018 16:15:07.47 [3632:3564:0216/161507.474:ERROR:process_metrics.cc(105)] NOT IMPLEMENTED
Feb 16, 2018 16:15:07.47 [3632:3564:0216/161507.474:ERROR:process_metrics.cc(105)] NOT IMPLEMENTED
Feb 16, 2018 16:17:07.47 [3632:3564:0216/161707.477:ERROR:process_metrics.cc(105)] NOT IMPLEMENTED
Feb 16, 2018 16:17:07.47 [3632:3564:0216/161707.477:ERROR:process_metrics.cc(105)] NOT IMPLEMENTED
Feb 16, 2018 16:17:07.47 [3632:3564:0216/161707.477:ERROR:process_metrics.cc(105)] NOT IMPLEMENTED
Feb 16, 2018 16:17:07.47 [3632:3564:0216/161707.477:ERROR:process_metrics.cc(105)] NOT IMPLEMENTED
Feb 16, 2018 16:17:07.47 [3632:3564:0216/161707.477:ERROR:process_metrics.cc(105)] NOT IMPLEMENTED
Feb 16, 2018 16:17:07.47 [3632:3564:0216/161707.477:ERROR:process_metrics.cc(105)] NOT IMPLEMENTED
Feb 16, 2018 16:17:07.47 [3632:3564:0216/161707.477:ERROR:process_metrics.cc(105)] NOT IMPLEMENTED
Feb 16, 2018 16:17:07.47 [3632:3564:0216/161707.477:ERROR:process_metrics.cc(105)] NOT IMPLEMENTED
Feb 16, 2018 16:17:07.47 [3632:3564:0216/161707.477:ERROR:process_metrics.cc(105)] NOT IMPLEMENTED
Feb 16, 2018 16:19:07.48 [3632:3564:0216/161907.480:ERROR:process_metrics.cc(105)] NOT IMPLEMENTED
Feb 16, 2018 16:19:07.48 [3632:3564:0216/161907.480:ERROR:process_metrics.cc(105)] NOT IMPLEMENTED
Feb 16, 2018 16:19:07.48 [3632:3564:0216/161907.480:ERROR:process_metrics.cc(105)] NOT IMPLEMENTED
Feb 16, 2018 16:19:07.48 [3632:3564:0216/161907.480:ERROR:process_metrics.cc(105)] NOT IMPLEMENTED
Feb 16, 2018 16:19:07.48 [3632:3564:0216/161907.480:ERROR:process_metrics.cc(105)] NOT IMPLEMENTED
Feb 16, 2018 16:19:07.48 [3632:3564:0216/161907.480:ERROR:process_metrics.cc(105)] NOT IMPLEMENTED
Feb 16, 2018 16:19:07.48 [3632:3564:0216/161907.480:ERROR:process_metrics.cc(105)] NOT IMPLEMENTED
Feb 16, 2018 16:19:07.48 [3632:3564:0216/161907.480:ERROR:process_metrics.cc(105)] NOT IMPLEMENTED
Feb 16, 2018 16:19:07.48 [3632:3564:0216/161907.480:ERROR:process_metrics.cc(105)] NOT IMPLEMENTED
Feb 16, 2018 16:21:07.48 [3632:3564:0216/162107.483:ERROR:process_metrics.cc(105)] NOT IMPLEMENTED
Feb 16, 2018 16:21:07.48 [3632:3564:0216/162107.483:ERROR:process_metrics.cc(105)] NOT IMPLEMENTED
Feb 16, 2018 16:21:07.48 [3632:3564:0216/162107.483:ERROR:process_metrics.cc(105)] NOT IMPLEMENTED
Feb 16, 2018 16:21:07.48 [3632:3564:0216/162107.483:ERROR:process_metrics.cc(105)] NOT IMPLEMENTED
Feb 16, 2018 16:21:07.48 [3632:3564:0216/162107.483:ERROR:process_metrics.cc(105)] NOT IMPLEMENTED
Feb 16, 2018 16:21:07.48 [3632:3564:0216/162107.483:ERROR:process_metrics.cc(105)] NOT IMPLEMENTED
Feb 16, 2018 16:21:07.48 [3632:3564:0216/162107.483:ERROR:process_metrics.cc(105)] NOT IMPLEMENTED
Feb 16, 2018 16:21:07.48 [3632:3564:0216/162107.483:ERROR:process_metrics.cc(105)] NOT IMPLEMENTED
Feb 16, 2018 16:21:07.48 [3632:3564:0216/162107.483:ERROR:process_metrics.cc(105)] NOT IMPLEMENTED
Feb 16, 2018 16:23:07.49 [3632:3564:0216/162307.491:ERROR:process_metrics.cc(105)] NOT IMPLEMENTED
Feb 16, 2018 16:23:07.49 [3632:3564:0216/162307.491:ERROR:process_metrics.cc(105)] NOT IMPLEMENTED
Feb 16, 2018 16:23:07.49 [3632:3564:0216/162307.491:ERROR:process_metrics.cc(105)] NOT IMPLEMENTED
Feb 16, 2018 16:23:07.49 [3632:3564:0216/162307.491:ERROR:process_metrics.cc(105)] NOT IMPLEMENTED
Feb 16, 2018 16:23:07.49 [3632:3564:0216/162307.491:ERROR:process_metrics.cc(105)] NOT IMPLEMENTED
Feb 16, 2018 16:23:07.49 [3632:3564:0216/162307.491:ERROR:process_metrics.cc(105)] NOT IMPLEMENTED
Feb 16, 2018 16:23:07.49 [3632:3564:0216/162307.491:ERROR:process_metrics.cc(105)] NOT IMPLEMENTED
Feb 16, 2018 16:23:07.49 [3632:3564:0216/162307.491:ERROR:process_metrics.cc(105)] NOT IMPLEMENTED
Feb 16, 2018 16:23:07.49 [3632:3564:0216/162307.491:ERROR:process_metrics.cc(105)] NOT IMPLEMENTED
Feb 16, 2018 16:25:07.49 [3632:3564:0216/162507.492:ERROR:process_metrics.cc(105)] NOT IMPLEMENTED
Feb 16, 2018 16:25:07.49 [3632:3564:0216/162507.492:ERROR:process_metrics.cc(105)] NOT IMPLEMENTED
Feb 16, 2018 16:25:07.49 [3632:3564:0216/162507.492:ERROR:process_metrics.cc(105)] NOT IMPLEMENTED
Feb 16, 2018 16:25:07.49 [3632:3564:0216/162507.492:ERROR:process_metrics.cc(105)] NOT IMPLEMENTED
Feb 16, 2018 16:25:07.49 [3632:3564:0216/162507.492:ERROR:process_metrics.cc(105)] NOT IMPLEMENTED
Feb 16, 2018 16:25:07.49 [3632:3564:0216/162507.492:ERROR:process_metrics.cc(105)] NOT IMPLEMENTED
Feb 16, 2018 16:25:07.49 [3632:3564:0216/162507.492:ERROR:process_metrics.cc(105)] NOT IMPLEMENTED
Feb 16, 2018 16:25:07.49 [3632:3564:0216/162507.492:ERROR:process_metrics.cc(105)] NOT IMPLEMENTED
Feb 16, 2018 16:25:07.49 [3632:3564:0216/162507.492:ERROR:process_metrics.cc(105)] NOT IMPLEMENTED
Feb 16, 2018 16:27:07.49 [3632:3564:0216/162707.496:ERROR:process_metrics.cc(105)] NOT IMPLEMENTED
Feb 16, 2018 16:27:07.49 [3632:3564:0216/162707.496:ERROR:process_metrics.cc(105)] NOT IMPLEMENTED
Feb 16, 2018 16:27:07.49 [3632:3564:0216/162707.496:ERROR:process_metrics.cc(105)] NOT IMPLEMENTED
Feb 16, 2018 16:27:07.49 [3632:3564:0216/162707.496:ERROR:process_metrics.cc(105)] NOT IMPLEMENTED
Feb 16, 2018 16:27:07.49 [3632:3564:0216/162707.496:ERROR:process_metrics.cc(105)] NOT IMPLEMENTED
Feb 16, 2018 16:27:07.49 [3632:3564:0216/162707.496:ERROR:process_metrics.cc(105)] NOT IMPLEMENTED
Feb 16, 2018 16:27:07.49 [3632:3564:0216/162707.496:ERROR:process_metrics.cc(105)] NOT IMPLEMENTED
Feb 16, 2018 16:27:07.49 [3632:3564:0216/162707.496:ERROR:process_metrics.cc(105)] NOT IMPLEMENTED
Feb 16, 2018 16:27:07.50 [3632:3564:0216/162707.496:ERROR:process_metrics.cc(105)] NOT IMPLEMENTED
Feb 16, 2018 16:29:07.50 [3632:3564:0216/162907.499:ERROR:process_metrics.cc(105)] NOT IMPLEMENTED
Feb 16, 2018 16:29:07.50 [3632:3564:0216/162907.499:ERROR:process_metrics.cc(105)] NOT IMPLEMENTED
Feb 16, 2018 16:29:07.50 [3632:3564:0216/162907.500:ERROR:process_metrics.cc(105)] NOT IMPLEMENTED
Feb 16, 2018 16:29:07.50 [3632:3564:0216/162907.500:ERROR:process_metrics.cc(105)] NOT IMPLEMENTED
Feb 16, 2018 16:29:07.50 [3632:3564:0216/162907.500:ERROR:process_metrics.cc(105)] NOT IMPLEMENTED
Feb 16, 2018 16:29:07.50 [3632:3564:0216/162907.500:ERROR:process_metrics.cc(105)] NOT IMPLEMENTED
Feb 16, 2018 16:29:07.50 [3632:3564:0216/162907.500:ERROR:process_metrics.cc(105)] NOT IMPLEMENTED
Feb 16, 2018 16:29:07.50 [3632:3564:0216/162907.500:ERROR:process_metrics.cc(105)] NOT IMPLEMENTED
Feb 16, 2018 16:29:07.50 [3632:3564:0216/162907.500:ERROR:process_metrics.cc(105)] NOT IMPLEMENTED
Feb 16, 2018 16:31:07.50 [3632:3564:0216/163107.503:ERROR:process_metrics.cc(105)] NOT IMPLEMENTED
Feb 16, 2018 16:31:07.50 [3632:3564:0216/163107.503:ERROR:process_metrics.cc(105)] NOT IMPLEMENTED
Feb 16, 2018 16:31:07.50 [3632:3564:0216/163107.503:ERROR:process_metrics.cc(105)] NOT IMPLEMENTED
Feb 16, 2018 16:31:07.50 [3632:3564:0216/163107.503:ERROR:process_metrics.cc(105)] NOT IMPLEMENTED
Feb 16, 2018 16:31:07.50 [3632:3564:0216/163107.503:ERROR:process_metrics.cc(105)] NOT IMPLEMENTED
Feb 16, 2018 16:31:07.50 [3632:3564:0216/163107.503:ERROR:process_metrics.cc(105)] NOT IMPLEMENTED
Feb 16, 2018 16:31:07.50 [3632:3564:0216/163107.503:ERROR:process_metrics.cc(105)] NOT IMPLEMENTED
Feb 16, 2018 16:31:07.50 [3632:3564:0216/163107.503:ERROR:process_metrics.cc(105)] NOT IMPLEMENTED
Feb 16, 2018 16:31:07.50 [3632:3564:0216/163107.503:ERROR:process_metrics.cc(105)] NOT IMPLEMENTED
Feb 16, 2018 16:33:07.51 [3632:3564:0216/163307.510:ERROR:process_metrics.cc(105)] NOT IMPLEMENTED
Feb 16, 2018 16:33:07.51 [3632:3564:0216/163307.510:ERROR:process_metrics.cc(105)] NOT IMPLEMENTED
Feb 16, 2018 16:33:07.51 [3632:3564:0216/163307.510:ERROR:process_metrics.cc(105)] NOT IMPLEMENTED
Feb 16, 2018 16:33:07.51 [3632:3564:0216/163307.510:ERROR:process_metrics.cc(105)] NOT IMPLEMENTED
Feb 16, 2018 16:33:07.51 [3632:3564:0216/163307.510:ERROR:process_metrics.cc(105)] NOT IMPLEMENTED
Feb 16, 2018 16:33:07.51 [3632:3564:0216/163307.510:ERROR:process_metrics.cc(105)] NOT IMPLEMENTED
Feb 16, 2018 16:33:07.51 [3632:3564:0216/163307.510:ERROR:process_metrics.cc(105)] NOT IMPLEMENTED
Feb 16, 2018 16:33:07.51 [3632:3564:0216/163307.510:ERROR:process_metrics.cc(105)] NOT IMPLEMENTED
Feb 16, 2018 16:33:07.51 [3632:3564:0216/163307.510:ERROR:process_metrics.cc(105)] NOT IMPLEMENTED
Feb 16, 2018 16:35:07.56 [3632:3564:0216/163507.517:ERROR:process_metrics.cc(105)] NOT IMPLEMENTED
Feb 16, 2018 16:35:07.56 [3632:3564:0216/163507.517:ERROR:process_metrics.cc(105)] NOT IMPLEMENTED
Feb 16, 2018 16:35:07.57 [3632:3564:0216/163507.517:ERROR:process_metrics.cc(105)] NOT IMPLEMENTED
Feb 16, 2018 16:35:07.57 [3632:3564:0216/163507.517:ERROR:process_metrics.cc(105)] NOT IMPLEMENTED
Feb 16, 2018 16:35:07.57 [3632:3564:0216/163507.517:ERROR:process_metrics.cc(105)] NOT IMPLEMENTED
Feb 16, 2018 16:35:07.57 [3632:3564:0216/163507.517:ERROR:process_metrics.cc(105)] NOT IMPLEMENTED
Feb 16, 2018 16:35:07.57 [3632:3564:0216/163507.517:ERROR:process_metrics.cc(105)] NOT IMPLEMENTED
Feb 16, 2018 16:35:07.57 [3632:3564:0216/163507.517:ERROR:process_metrics.cc(105)] NOT IMPLEMENTED
Feb 16, 2018 16:35:07.57 [3632:3564:0216/163507.517:ERROR:process_metrics.cc(105)] NOT IMPLEMENTED
Feb 16, 2018 16:37:07.52 [3632:3564:0216/163707.524:ERROR:process_metrics.cc(105)] NOT IMPLEMENTED
Feb 16, 2018 16:37:07.52 [3632:3564:0216/163707.524:ERROR:process_metrics.cc(105)] NOT IMPLEMENTED
Feb 16, 2018 16:37:07.52 [3632:3564:0216/163707.524:ERROR:process_metrics.cc(105)] NOT IMPLEMENTED
Feb 16, 2018 16:37:07.52 [3632:3564:0216/163707.524:ERROR:process_metrics.cc(105)] NOT IMPLEMENTED
Feb 16, 2018 16:37:07.52 [3632:3564:0216/163707.524:ERROR:process_metrics.cc(105)] NOT IMPLEMENTED
Feb 16, 2018 16:37:07.52 [3632:3564:0216/163707.524:ERROR:process_metrics.cc(105)] NOT IMPLEMENTED
Feb 16, 2018 16:37:07.52 [3632:3564:0216/163707.524:ERROR:process_metrics.cc(105)] NOT IMPLEMENTED
Feb 16, 2018 16:37:07.52 [3632:3564:0216/163707.524:ERROR:process_metrics.cc(105)] NOT IMPLEMENTED
Feb 16, 2018 16:37:07.52 [3632:3564:0216/163707.524:ERROR:process_metrics.cc(105)] NOT IMPLEMENTED
Feb 16, 2018 16:39:07.53 [3632:3564:0216/163907.536:ERROR:process_metrics.cc(105)] NOT IMPLEMENTED
Feb 16, 2018 16:39:07.53 [3632:3564:0216/163907.536:ERROR:process_metrics.cc(105)] NOT IMPLEMENTED
Feb 16, 2018 16:39:07.53 [3632:3564:0216/163907.536:ERROR:process_metrics.cc(105)] NOT IMPLEMENTED
Feb 16, 2018 16:39:07.53 [3632:3564:0216/163907.536:ERROR:process_metrics.cc(105)] NOT IMPLEMENTED
Feb 16, 2018 16:39:07.53 [3632:3564:0216/163907.536:ERROR:process_metrics.cc(105)] NOT IMPLEMENTED
Feb 16, 2018 16:39:07.53 [3632:3564:0216/163907.536:ERROR:process_metrics.cc(105)] NOT IMPLEMENTED
Feb 16, 2018 16:39:07.53 [3632:3564:0216/163907.536:ERROR:process_metrics.cc(105)] NOT IMPLEMENTED
Feb 16, 2018 16:39:07.53 [3632:3564:0216/163907.536:ERROR:process_metrics.cc(105)] NOT IMPLEMENTED
Feb 16, 2018 16:39:07.53 [3632:3564:0216/163907.536:ERROR:process_metrics.cc(105)] NOT IMPLEMENTED
Feb 16, 2018 16:41:07.54 [3632:3564:0216/164107.544:ERROR:process_metrics.cc(105)] NOT IMPLEMENTED
Feb 16, 2018 16:41:07.54 [3632:3564:0216/164107.544:ERROR:process_metrics.cc(105)] NOT IMPLEMENTED
Feb 16, 2018 16:41:07.54 [3632:3564:0216/164107.544:ERROR:process_metrics.cc(105)] NOT IMPLEMENTED
Feb 16, 2018 16:41:07.54 [3632:3564:0216/164107.544:ERROR:process_metrics.cc(105)] NOT IMPLEMENTED
Feb 16, 2018 16:41:07.54 [3632:3564:0216/164107.544:ERROR:process_metrics.cc(105)] NOT IMPLEMENTED
Feb 16, 2018 16:41:07.54 [3632:3564:0216/164107.544:ERROR:process_metrics.cc(105)] NOT IMPLEMENTED
Feb 16, 2018 16:41:07.54 [3632:3564:0216/164107.544:ERROR:process_metrics.cc(105)] NOT IMPLEMENTED
Feb 16, 2018 16:41:07.54 [3632:3564:0216/164107.544:ERROR:process_metrics.cc(105)] NOT IMPLEMENTED
Feb 16, 2018 16:41:07.54 [3632:3564:0216/164107.544:ERROR:process_metrics.cc(105)] NOT IMPLEMENTED
Feb 16, 2018 16:43:07.55 [3632:3564:0216/164307.553:ERROR:process_metrics.cc(105)] NOT IMPLEMENTED
Feb 16, 2018 16:43:07.55 [3632:3564:0216/164307.553:ERROR:process_metrics.cc(105)] NOT IMPLEMENTED
Feb 16, 2018 16:43:07.55 [3632:3564:0216/164307.553:ERROR:process_metrics.cc(105)] NOT IMPLEMENTED
Feb 16, 2018 16:43:07.55 [3632:3564:0216/164307.553:ERROR:process_metrics.cc(105)] NOT IMPLEMENTED
Feb 16, 2018 16:43:07.55 [3632:3564:0216/164307.553:ERROR:process_metrics.cc(105)] NOT IMPLEMENTED
Feb 16, 2018 16:43:07.55 [3632:3564:0216/164307.553:ERROR:process_metrics.cc(105)] NOT IMPLEMENTED
Feb 16, 2018 16:43:07.55 [3632:3564:0216/164307.553:ERROR:process_metrics.cc(105)] NOT IMPLEMENTED
Feb 16, 2018 16:43:07.55 [3632:3564:0216/164307.553:ERROR:process_metrics.cc(105)] NOT IMPLEMENTED
Feb 16, 2018 16:43:07.55 [3632:3564:0216/164307.553:ERROR:process_metrics.cc(105)] NOT IMPLEMENTED
Feb 16, 2018 16:45:07.56 [3632:3564:0216/164507.565:ERROR:process_metrics.cc(105)] NOT IMPLEMENTED
Feb 16, 2018 16:45:07.56 [3632:3564:0216/164507.565:ERROR:process_metrics.cc(105)] NOT IMPLEMENTED
Feb 16, 2018 16:45:07.56 [3632:3564:0216/164507.565:ERROR:process_metrics.cc(105)] NOT IMPLEMENTED
Feb 16, 2018 16:45:07.56 [3632:3564:0216/164507.565:ERROR:process_metrics.cc(105)] NOT IMPLEMENTED
Feb 16, 2018 16:45:07.56 [3632:3564:0216/164507.565:ERROR:process_metrics.cc(105)] NOT IMPLEMENTED
Feb 16, 2018 16:45:07.56 [3632:3564:0216/164507.565:ERROR:process_metrics.cc(105)] NOT IMPLEMENTED
Feb 16, 2018 16:45:07.56 [3632:3564:0216/164507.565:ERROR:process_metrics.cc(105)] NOT IMPLEMENTED
Feb 16, 2018 16:45:07.56 [3632:3564:0216/164507.565:ERROR:process_metrics.cc(105)] NOT IMPLEMENTED
Feb 16, 2018 16:45:07.56 [3632:3564:0216/164507.565:ERROR:process_metrics.cc(105)] NOT IMPLEMENTED
Feb 16, 2018 16:47:07.57 [3632:3564:0216/164707.571:ERROR:process_metrics.cc(105)] NOT IMPLEMENTED
Feb 16, 2018 16:47:07.57 [3632:3564:0216/164707.571:ERROR:process_metrics.cc(105)] NOT IMPLEMENTED
Feb 16, 2018 16:47:07.57 [3632:3564:0216/164707.571:ERROR:process_metrics.cc(105)] NOT IMPLEMENTED
Feb 16, 2018 16:47:07.57 [3632:3564:0216/164707.571:ERROR:process_metrics.cc(105)] NOT IMPLEMENTED
Feb 16, 2018 16:47:07.57 [3632:3564:0216/164707.571:ERROR:process_metrics.cc(105)] NOT IMPLEMENTED
Feb 16, 2018 16:47:07.57 [3632:3564:0216/164707.571:ERROR:process_metrics.cc(105)] NOT IMPLEMENTED
Feb 16, 2018 16:47:07.57 [3632:3564:0216/164707.571:ERROR:process_metrics.cc(105)] NOT IMPLEMENTED
Feb 16, 2018 16:47:07.57 [3632:3564:0216/164707.571:ERROR:process_metrics.cc(105)] NOT IMPLEMENTED
Feb 16, 2018 16:47:07.57 [3632:3564:0216/164707.571:ERROR:process_metrics.cc(105)] NOT IMPLEMENTED
Feb 16, 2018 16:49:07.57 [3632:3564:0216/164907.577:ERROR:process_metrics.cc(105)] NOT IMPLEMENTED
Feb 16, 2018 16:49:07.57 [3632:3564:0216/164907.577:ERROR:process_metrics.cc(105)] NOT IMPLEMENTED
Feb 16, 2018 16:49:07.57 [3632:3564:0216/164907.577:ERROR:process_metrics.cc(105)] NOT IMPLEMENTED
Feb 16, 2018 16:49:07.57 [3632:3564:0216/164907.577:ERROR:process_metrics.cc(105)] NOT IMPLEMENTED
Feb 16, 2018 16:49:07.57 [3632:3564:0216/164907.577:ERROR:process_metrics.cc(105)] NOT IMPLEMENTED
Feb 16, 2018 16:49:07.57 [3632:3564:0216/164907.577:ERROR:process_metrics.cc(105)] NOT IMPLEMENTED
Feb 16, 2018 16:49:07.57 [3632:3564:0216/164907.577:ERROR:process_metrics.cc(105)] NOT IMPLEMENTED
Feb 16, 2018 16:49:07.57 [3632:3564:0216/164907.577:ERROR:process_metrics.cc(105)] NOT IMPLEMENTED
Feb 16, 2018 16:49:07.57 [3632:3564:0216/164907.577:ERROR:process_metrics.cc(105)] NOT IMPLEMENTED
Feb 16, 2018 16:51:07.58 [3632:3564:0216/165107.584:ERROR:process_metrics.cc(105)] NOT IMPLEMENTED
Feb 16, 2018 16:51:07.58 [3632:3564:0216/165107.584:ERROR:process_metrics.cc(105)] NOT IMPLEMENTED
Feb 16, 2018 16:51:07.58 [3632:3564:0216/165107.584:ERROR:process_metrics.cc(105)] NOT IMPLEMENTED
Feb 16, 2018 16:51:07.58 [3632:3564:0216/165107.584:ERROR:process_metrics.cc(105)] NOT IMPLEMENTED
Feb 16, 2018 16:51:07.58 [3632:3564:0216/165107.584:ERROR:process_metrics.cc(105)] NOT IMPLEMENTED
Feb 16, 2018 16:51:07.58 [3632:3564:0216/165107.584:ERROR:process_metrics.cc(105)] NOT IMPLEMENTED
Feb 16, 2018 16:51:07.58 [3632:3564:0216/165107.584:ERROR:process_metrics.cc(105)] NOT IMPLEMENTED
Feb 16, 2018 16:51:07.58 [3632:3564:0216/165107.584:ERROR:process_metrics.cc(105)] NOT IMPLEMENTED
Feb 16, 2018 16:51:07.58 [3632:3564:0216/165107.584:ERROR:process_metrics.cc(105)] NOT IMPLEMENTED
Feb 16, 2018 16:53:07.60 [3632:3564:0216/165307.602:ERROR:process_metrics.cc(105)] NOT IMPLEMENTED
Feb 16, 2018 16:53:07.60 [3632:3564:0216/165307.602:ERROR:process_metrics.cc(105)] NOT IMPLEMENTED
Feb 16, 2018 16:53:07.60 [3632:3564:0216/165307.602:ERROR:process_metrics.cc(105)] NOT IMPLEMENTED
Feb 16, 2018 16:53:07.60 [3632:3564:0216/165307.602:ERROR:process_metrics.cc(105)] NOT IMPLEMENTED
Feb 16, 2018 16:53:07.60 [3632:3564:0216/165307.602:ERROR:process_metrics.cc(105)] NOT IMPLEMENTED
Feb 16, 2018 16:53:07.60 [3632:3564:0216/165307.602:ERROR:process_metrics.cc(105)] NOT IMPLEMENTED
Feb 16, 2018 16:53:07.60 [3632:3564:0216/165307.602:ERROR:process_metrics.cc(105)] NOT IMPLEMENTED
Feb 16, 2018 16:53:07.60 [3632:3564:0216/165307.602:ERROR:process_metrics.cc(105)] NOT IMPLEMENTED
Feb 16, 2018 16:53:07.60 [3632:3564:0216/165307.602:ERROR:process_metrics.cc(105)] NOT IMPLEMENTED
Feb 16, 2018 16:55:07.61 [3632:3564:0216/165507.612:ERROR:process_metrics.cc(105)] NOT IMPLEMENTED
Feb 16, 2018 16:55:07.61 [3632:3564:0216/165507.612:ERROR:process_metrics.cc(105)] NOT IMPLEMENTED
Feb 16, 2018 16:55:07.61 [3632:3564:0216/165507.612:ERROR:process_metrics.cc(105)] NOT IMPLEMENTED
Feb 16, 2018 16:55:07.61 [3632:3564:0216/165507.612:ERROR:process_metrics.cc(105)] NOT IMPLEMENTED
Feb 16, 2018 16:55:07.61 [3632:3564:0216/165507.612:ERROR:process_metrics.cc(105)] NOT IMPLEMENTED
Feb 16, 2018 16:55:07.61 [3632:3564:0216/165507.612:ERROR:process_metrics.cc(105)] NOT IMPLEMENTED
Feb 16, 2018 16:55:07.61 [3632:3564:0216/165507.612:ERROR:process_metrics.cc(105)] NOT IMPLEMENTED
Feb 16, 2018 16:55:07.61 [3632:3564:0216/165507.612:ERROR:process_metrics.cc(105)] NOT IMPLEMENTED
Feb 16, 2018 16:55:07.61 [3632:3564:0216/165507.612:ERROR:process_metrics.cc(105)] NOT IMPLEMENTED
Feb 16, 2018 16:57:07.61 [3632:3564:0216/165707.617:ERROR:process_metrics.cc(105)] NOT IMPLEMENTED
Feb 16, 2018 16:57:07.61 [3632:3564:0216/165707.617:ERROR:process_metrics.cc(105)] NOT IMPLEMENTED
Feb 16, 2018 16:57:07.61 [3632:3564:0216/165707.617:ERROR:process_metrics.cc(105)] NOT IMPLEMENTED
Feb 16, 2018 16:57:07.61 [3632:3564:0216/165707.617:ERROR:process_metrics.cc(105)] NOT IMPLEMENTED
Feb 16, 2018 16:57:07.61 [3632:3564:0216/165707.617:ERROR:process_metrics.cc(105)] NOT IMPLEMENTED
Feb 16, 2018 16:57:07.61 [3632:3564:0216/165707.617:ERROR:process_metrics.cc(105)] NOT IMPLEMENTED
Feb 16, 2018 16:57:07.61 [3632:3564:0216/165707.617:ERROR:process_metrics.cc(105)] NOT IMPLEMENTED
Feb 16, 2018 16:57:07.61 [3632:3564:0216/165707.617:ERROR:process_metrics.cc(105)] NOT IMPLEMENTED
Feb 16, 2018 16:57:07.61 [3632:3564:0216/165707.617:ERROR:process_metrics.cc(105)] NOT IMPLEMENTED
Feb 16, 2018 16:59:07.62 [3632:3564:0216/165907.629:ERROR:process_metrics.cc(105)] NOT IMPLEMENTED
Feb 16, 2018 16:59:07.62 [3632:3564:0216/165907.629:ERROR:process_metrics.cc(105)] NOT IMPLEMENTED
Feb 16, 2018 16:59:07.62 [3632:3564:0216/165907.629:ERROR:process_metrics.cc(105)] NOT IMPLEMENTED
Feb 16, 2018 16:59:07.62 [3632:3564:0216/165907.629:ERROR:process_metrics.cc(105)] NOT IMPLEMENTED
Feb 16, 2018 16:59:07.62 [3632:3564:0216/165907.629:ERROR:process_metrics.cc(105)] NOT IMPLEMENTED
Feb 16, 2018 16:59:07.62 [3632:3564:0216/165907.629:ERROR:process_metrics.cc(105)] NOT IMPLEMENTED
Feb 16, 2018 16:59:07.62 [3632:3564:0216/165907.629:ERROR:process_metrics.cc(105)] NOT IMPLEMENTED
Feb 16, 2018 16:59:07.62 [3632:3564:0216/165907.629:ERROR:process_metrics.cc(105)] NOT IMPLEMENTED
Feb 16, 2018 16:59:07.62 [3632:3564:0216/165907.629:ERROR:process_metrics.cc(105)] NOT IMPLEMENTED
Feb 16, 2018 17:01:07.63 [3632:3564:0216/170107.639:ERROR:process_metrics.cc(105)] NOT IMPLEMENTED
Feb 16, 2018 17:01:07.63 [3632:3564:0216/170107.639:ERROR:process_metrics.cc(105)] NOT IMPLEMENTED
Feb 16, 2018 17:01:07.63 [3632:3564:0216/170107.639:ERROR:process_metrics.cc(105)] NOT IMPLEMENTED
Feb 16, 2018 17:01:07.63 [3632:3564:0216/170107.639:ERROR:process_metrics.cc(105)] NOT IMPLEMENTED
Feb 16, 2018 17:01:07.63 [3632:3564:0216/170107.639:ERROR:process_metrics.cc(105)] NOT IMPLEMENTED
Feb 16, 2018 17:01:07.63 [3632:3564:0216/170107.639:ERROR:process_metrics.cc(105)] NOT IMPLEMENTED
Feb 16, 2018 17:01:07.63 [3632:3564:0216/170107.639:ERROR:process_metrics.cc(105)] NOT IMPLEMENTED
Feb 16, 2018 17:01:07.63 [3632:3564:0216/170107.639:ERROR:process_metrics.cc(105)] NOT IMPLEMENTED
Feb 16, 2018 17:01:07.63 [3632:3564:0216/170107.639:ERROR:process_metrics.cc(105)] NOT IMPLEMENTED
Feb 16, 2018 17:03:07.64 [3632:3564:0216/170307.644:ERROR:process_metrics.cc(105)] NOT IMPLEMENTED
Feb 16, 2018 17:03:07.64 [3632:3564:0216/170307.644:ERROR:process_metrics.cc(105)] NOT IMPLEMENTED
Feb 16, 2018 17:03:07.64 [3632:3564:0216/170307.644:ERROR:process_metrics.cc(105)] NOT IMPLEMENTED
Feb 16, 2018 17:03:07.64 [3632:3564:0216/170307.644:ERROR:process_metrics.cc(105)] NOT IMPLEMENTED
Feb 16, 2018 17:03:07.64 [3632:3564:0216/170307.644:ERROR:process_metrics.cc(105)] NOT IMPLEMENTED
Feb 16, 2018 17:03:07.64 [3632:3564:0216/170307.644:ERROR:process_metrics.cc(105)] NOT IMPLEMENTED
Feb 16, 2018 17:03:07.64 [3632:3564:0216/170307.644:ERROR:process_metrics.cc(105)] NOT IMPLEMENTED
Feb 16, 2018 17:03:07.64 [3632:3564:0216/170307.644:ERROR:process_metrics.cc(105)] NOT IMPLEMENTED
Feb 16, 2018 17:03:07.64 [3632:3564:0216/170307.644:ERROR:process_metrics.cc(105)] NOT IMPLEMENTED
Feb 16, 2018 17:05:07.65 [3632:3564:0216/170507.650:ERROR:process_metrics.cc(105)] NOT IMPLEMENTED
Feb 16, 2018 17:05:07.65 [3632:3564:0216/170507.650:ERROR:process_metrics.cc(105)] NOT IMPLEMENTED
Feb 16, 2018 17:05:07.65 [3632:3564:0216/170507.650:ERROR:process_metrics.cc(105)] NOT IMPLEMENTED
Feb 16, 2018 17:05:07.65 [3632:3564:0216/170507.650:ERROR:process_metrics.cc(105)] NOT IMPLEMENTED
Feb 16, 2018 17:05:07.65 [3632:3564:0216/170507.650:ERROR:process_metrics.cc(105)] NOT IMPLEMENTED
Feb 16, 2018 17:05:07.65 [3632:3564:0216/170507.650:ERROR:process_metrics.cc(105)] NOT IMPLEMENTED
Feb 16, 2018 17:05:07.65 [3632:3564:0216/170507.650:ERROR:process_metrics.cc(105)] NOT IMPLEMENTED
Feb 16, 2018 17:05:07.65 [3632:3564:0216/170507.650:ERROR:process_metrics.cc(105)] NOT IMPLEMENTED
Feb 16, 2018 17:05:07.65 [3632:3564:0216/170507.650:ERROR:process_metrics.cc(105)] NOT IMPLEMENTED
Feb 16, 2018 17:07:07.65 [3632:3564:0216/170707.653:ERROR:process_metrics.cc(105)] NOT IMPLEMENTED
Feb 16, 2018 17:07:07.65 [3632:3564:0216/170707.653:ERROR:process_metrics.cc(105)] NOT IMPLEMENTED
Feb 16, 2018 17:07:07.65 [3632:3564:0216/170707.653:ERROR:process_metrics.cc(105)] NOT IMPLEMENTED
Feb 16, 2018 17:07:07.65 [3632:3564:0216/170707.653:ERROR:process_metrics.cc(105)] NOT IMPLEMENTED
Feb 16, 2018 17:07:07.65 [3632:3564:0216/170707.653:ERROR:process_metrics.cc(105)] NOT IMPLEMENTED
Feb 16, 2018 17:07:07.65 [3632:3564:0216/170707.653:ERROR:process_metrics.cc(105)] NOT IMPLEMENTED
Feb 16, 2018 17:07:07.65 [3632:3564:0216/170707.653:ERROR:process_metrics.cc(105)] NOT IMPLEMENTED
Feb 16, 2018 17:07:07.65 [3632:3564:0216/170707.653:ERROR:process_metrics.cc(105)] NOT IMPLEMENTED
Feb 16, 2018 17:07:07.65 [3632:3564:0216/170707.653:ERROR:process_metrics.cc(105)] NOT IMPLEMENTED
Feb 16, 2018 17:09:07.65 [3632:3564:0216/170907.659:ERROR:process_metrics.cc(105)] NOT IMPLEMENTED
Feb 16, 2018 17:09:07.65 [3632:3564:0216/170907.659:ERROR:process_metrics.cc(105)] NOT IMPLEMENTED
Feb 16, 2018 17:09:07.65 [3632:3564:0216/170907.659:ERROR:process_metrics.cc(105)] NOT IMPLEMENTED
Feb 16, 2018 17:09:07.65 [3632:3564:0216/170907.659:ERROR:process_metrics.cc(105)] NOT IMPLEMENTED
Feb 16, 2018 17:09:07.65 [3632:3564:0216/170907.659:ERROR:process_metrics.cc(105)] NOT IMPLEMENTED
Feb 16, 2018 17:09:07.65 [3632:3564:0216/170907.659:ERROR:process_metrics.cc(105)] NOT IMPLEMENTED
Feb 16, 2018 17:09:07.65 [3632:3564:0216/170907.659:ERROR:process_metrics.cc(105)] NOT IMPLEMENTED
Feb 16, 2018 17:09:07.65 [3632:3564:0216/170907.659:ERROR:process_metrics.cc(105)] NOT IMPLEMENTED
Feb 16, 2018 17:09:07.65 [3632:3564:0216/170907.659:ERROR:process_metrics.cc(105)] NOT IMPLEMENTED
Feb 16, 2018 17:11:07.67 [3632:3564:0216/171107.671:ERROR:process_metrics.cc(105)] NOT IMPLEMENTED
Feb 16, 2018 17:11:07.67 [3632:3564:0216/171107.671:ERROR:process_metrics.cc(105)] NOT IMPLEMENTED
Feb 16, 2018 17:11:07.67 [3632:3564:0216/171107.671:ERROR:process_metrics.cc(105)] NOT IMPLEMENTED
Feb 16, 2018 17:11:07.67 [3632:3564:0216/171107.671:ERROR:process_metrics.cc(105)] NOT IMPLEMENTED
Feb 16, 2018 17:11:07.67 [3632:3564:0216/171107.671:ERROR:process_metrics.cc(105)] NOT IMPLEMENTED
Feb 16, 2018 17:11:07.67 [3632:3564:0216/171107.671:ERROR:process_metrics.cc(105)] NOT IMPLEMENTED
Feb 16, 2018 17:11:07.67 [3632:3564:0216/171107.671:ERROR:process_metrics.cc(105)] NOT IMPLEMENTED
Feb 16, 2018 17:11:07.67 [3632:3564:0216/171107.671:ERROR:process_metrics.cc(105)] NOT IMPLEMENTED
Feb 16, 2018 17:11:07.67 [3632:3564:0216/171107.671:ERROR:process_metrics.cc(105)] NOT IMPLEMENTED
Feb 16, 2018 17:13:07.68 [3632:3564:0216/171307.680:ERROR:process_metrics.cc(105)] NOT IMPLEMENTED
Feb 16, 2018 17:13:07.68 [3632:3564:0216/171307.680:ERROR:process_metrics.cc(105)] NOT IMPLEMENTED
Feb 16, 2018 17:13:07.68 [3632:3564:0216/171307.680:ERROR:process_metrics.cc(105)] NOT IMPLEMENTED
Feb 16, 2018 17:13:07.68 [3632:3564:0216/171307.680:ERROR:process_metrics.cc(105)] NOT IMPLEMENTED
Feb 16, 2018 17:13:07.68 [3632:3564:0216/171307.680:ERROR:process_metrics.cc(105)] NOT IMPLEMENTED
Feb 16, 2018 17:13:07.68 [3632:3564:0216/171307.680:ERROR:process_metrics.cc(105)] NOT IMPLEMENTED
Feb 16, 2018 17:13:07.68 [3632:3564:0216/171307.680:ERROR:process_metrics.cc(105)] NOT IMPLEMENTED
Feb 16, 2018 17:13:07.68 [3632:3564:0216/171307.680:ERROR:process_metrics.cc(105)] NOT IMPLEMENTED
Feb 16, 2018 17:13:07.68 [3632:3564:0216/171307.680:ERROR:process_metrics.cc(105)] NOT IMPLEMENTED
Feb 16, 2018 17:15:07.68 [3632:3564:0216/171507.684:ERROR:process_metrics.cc(105)] NOT IMPLEMENTED
Feb 16, 2018 17:15:07.68 [3632:3564:0216/171507.684:ERROR:process_metrics.cc(105)] NOT IMPLEMENTED
Feb 16, 2018 17:15:07.68 [3632:3564:0216/171507.684:ERROR:process_metrics.cc(105)] NOT IMPLEMENTED
Feb 16, 2018 17:15:07.68 [3632:3564:0216/171507.684:ERROR:process_metrics.cc(105)] NOT IMPLEMENTED
Feb 16, 2018 17:15:07.68 [3632:3564:0216/171507.684:ERROR:process_metrics.cc(105)] NOT IMPLEMENTED
Feb 16, 2018 17:15:07.68 [3632:3564:0216/171507.684:ERROR:process_metrics.cc(105)] NOT IMPLEMENTED
Feb 16, 2018 17:15:07.68 [3632:3564:0216/171507.684:ERROR:process_metrics.cc(105)] NOT IMPLEMENTED
Feb 16, 2018 17:15:07.68 [3632:3564:0216/171507.684:ERROR:process_metrics.cc(105)] NOT IMPLEMENTED
Feb 16, 2018 17:15:07.68 [3632:3564:0216/171507.684:ERROR:process_metrics.cc(105)] NOT IMPLEMENTED
Feb 16, 2018 17:17:07.69 [3632:3564:0216/171707.696:ERROR:process_metrics.cc(105)] NOT IMPLEMENTED
Feb 16, 2018 17:17:07.69 [3632:3564:0216/171707.696:ERROR:process_metrics.cc(105)] NOT IMPLEMENTED
Feb 16, 2018 17:17:07.69 [3632:3564:0216/171707.696:ERROR:process_metrics.cc(105)] NOT IMPLEMENTED
Feb 16, 2018 17:17:07.69 [3632:3564:0216/171707.696:ERROR:process_metrics.cc(105)] NOT IMPLEMENTED
Feb 16, 2018 17:17:07.69 [3632:3564:0216/171707.696:ERROR:process_metrics.cc(105)] NOT IMPLEMENTED
Feb 16, 2018 17:17:07.69 [3632:3564:0216/171707.696:ERROR:process_metrics.cc(105)] NOT IMPLEMENTED
Feb 16, 2018 17:17:07.69 [3632:3564:0216/171707.696:ERROR:process_metrics.cc(105)] NOT IMPLEMENTED
Feb 16, 2018 17:17:07.69 [3632:3564:0216/171707.696:ERROR:process_metrics.cc(105)] NOT IMPLEMENTED
Feb 16, 2018 17:17:07.69 [3632:3564:0216/171707.696:ERROR:process_metrics.cc(105)] NOT IMPLEMENTED
Feb 16, 2018 17:19:07.70 [3632:3564:0216/171907.703:ERROR:process_metrics.cc(105)] NOT IMPLEMENTED
Feb 16, 2018 17:19:07.70 [3632:3564:0216/171907.703:ERROR:process_metrics.cc(105)] NOT IMPLEMENTED
Feb 16, 2018 17:19:07.70 [3632:3564:0216/171907.703:ERROR:process_metrics.cc(105)] NOT IMPLEMENTED
Feb 16, 2018 17:19:07.70 [3632:3564:0216/171907.703:ERROR:process_metrics.cc(105)] NOT IMPLEMENTED
Feb 16, 2018 17:19:07.70 [3632:3564:0216/171907.703:ERROR:process_metrics.cc(105)] NOT IMPLEMENTED
Feb 16, 2018 17:19:07.70 [3632:3564:0216/171907.703:ERROR:process_metrics.cc(105)] NOT IMPLEMENTED
Feb 16, 2018 17:19:07.70 [3632:3564:0216/171907.703:ERROR:process_metrics.cc(105)] NOT IMPLEMENTED
Feb 16, 2018 17:19:07.70 [3632:3564:0216/171907.703:ERROR:process_metrics.cc(105)] NOT IMPLEMENTED
Feb 16, 2018 17:19:07.70 [3632:3564:0216/171907.703:ERROR:process_metrics.cc(105)] NOT IMPLEMENTED
Feb 16, 2018 17:21:07.70 [3632:3564:0216/172107.707:ERROR:process_metrics.cc(105)] NOT IMPLEMENTED
Feb 16, 2018 17:21:07.70 [3632:3564:0216/172107.707:ERROR:process_metrics.cc(105)] NOT IMPLEMENTED
Feb 16, 2018 17:21:07.70 [3632:3564:0216/172107.707:ERROR:process_metrics.cc(105)] NOT IMPLEMENTED
Feb 16, 2018 17:21:07.70 [3632:3564:0216/172107.707:ERROR:process_metrics.cc(105)] NOT IMPLEMENTED
Feb 16, 2018 17:21:07.70 [3632:3564:0216/172107.707:ERROR:process_metrics.cc(105)] NOT IMPLEMENTED
Feb 16, 2018 17:21:07.70 [3632:3564:0216/172107.707:ERROR:process_metrics.cc(105)] NOT IMPLEMENTED
Feb 16, 2018 17:21:07.70 [3632:3564:0216/172107.707:ERROR:process_metrics.cc(105)] NOT IMPLEMENTED
Feb 16, 2018 17:21:07.70 [3632:3564:0216/172107.707:ERROR:process_metrics.cc(105)] NOT IMPLEMENTED
Feb 16, 2018 17:21:07.70 [3632:3564:0216/172107.707:ERROR:process_metrics.cc(105)] NOT IMPLEMENTED
Feb 16, 2018 17:23:07.71 [3632:3564:0216/172307.719:ERROR:process_metrics.cc(105)] NOT IMPLEMENTED
Feb 16, 2018 17:23:07.71 [3632:3564:0216/172307.719:ERROR:process_metrics.cc(105)] NOT IMPLEMENTED
Feb 16, 2018 17:23:07.71 [3632:3564:0216/172307.719:ERROR:process_metrics.cc(105)] NOT IMPLEMENTED
Feb 16, 2018 17:23:07.71 [3632:3564:0216/172307.719:ERROR:process_metrics.cc(105)] NOT IMPLEMENTED
Feb 16, 2018 17:23:07.71 [3632:3564:0216/172307.719:ERROR:process_metrics.cc(105)] NOT IMPLEMENTED
Feb 16, 2018 17:23:07.71 [3632:3564:0216/172307.719:ERROR:process_metrics.cc(105)] NOT IMPLEMENTED
Feb 16, 2018 17:23:07.71 [3632:3564:0216/172307.719:ERROR:process_metrics.cc(105)] NOT IMPLEMENTED
Feb 16, 2018 17:23:07.71 [3632:3564:0216/172307.719:ERROR:process_metrics.cc(105)] NOT IMPLEMENTED
Feb 16, 2018 17:23:07.71 [3632:3564:0216/172307.719:ERROR:process_metrics.cc(105)] NOT IMPLEMENTED
Feb 16, 2018 17:24:43.17 [3632:3564:0216/172443.179:ERROR:socket_stream.cc(210)] Closing stream with result -101
Feb 16, 2018 17:24:49.41 [3632:3564:0216/172449.411:ERROR:connection_factory_impl.cc(381)] Failed to connect to MCS endpoint with error -21
Feb 16, 2018 17:25:07.72 [3632:3564:0216/172507.727:ERROR:process_metrics.cc(105)] NOT IMPLEMENTED
Feb 16, 2018 17:25:07.72 [3632:3564:0216/172507.727:ERROR:process_metrics.cc(105)] NOT IMPLEMENTED
Feb 16, 2018 17:25:07.72 [3632:3564:0216/172507.727:ERROR:process_metrics.cc(105)] NOT IMPLEMENTED
Feb 16, 2018 17:25:07.72 [3632:3564:0216/172507.727:ERROR:process_metrics.cc(105)] NOT IMPLEMENTED
Feb 16, 2018 17:25:07.72 [3632:3564:0216/172507.727:ERROR:process_metrics.cc(105)] NOT IMPLEMENTED
Feb 16, 2018 17:25:07.72 [3632:3564:0216/172507.727:ERROR:process_metrics.cc(105)] NOT IMPLEMENTED
Feb 16, 2018 17:25:07.72 [3632:3564:0216/172507.727:ERROR:process_metrics.cc(105)] NOT IMPLEMENTED
Feb 16, 2018 17:25:07.72 [3632:3564:0216/172507.727:ERROR:process_metrics.cc(105)] NOT IMPLEMENTED
Feb 16, 2018 17:25:07.72 [3632:3564:0216/172507.727:ERROR:process_metrics.cc(105)] NOT IMPLEMENTED
Feb 16, 2018 17:25:11.20 [3632:3564:0216/172511.200:ERROR:connection_factory_impl.cc(381)] Failed to connect to MCS endpoint with error -106
Feb 16, 2018 18:30:28.53 [3632:3564:0216/183028.532:ERROR:connection_factory_impl.cc(381)] Failed to connect to MCS endpoint with error -106
Feb 16, 2018 18:30:28.53 [3632:3564:0216/183028.532:ERROR:process_metrics.cc(105)] NOT IMPLEMENTED
Feb 16, 2018 18:30:28.53 [3632:3564:0216/183028.532:ERROR:process_metrics.cc(105)] NOT IMPLEMENTED
Feb 16, 2018 18:30:28.53 [3632:3564:0216/183028.532:ERROR:process_metrics.cc(105)] NOT IMPLEMENTED
Feb 16, 2018 18:30:28.53 [3632:3564:0216/183028.532:ERROR:process_metrics.cc(105)] NOT IMPLEMENTED
Feb 16, 2018 18:30:28.53 [3632:3564:0216/183028.532:ERROR:process_metrics.cc(105)] NOT IMPLEMENTED
Feb 16, 2018 18:30:28.53 [3632:3564:0216/183028.532:ERROR:process_metrics.cc(105)] NOT IMPLEMENTED
Feb 16, 2018 18:30:28.53 [3632:3564:0216/183028.532:ERROR:process_metrics.cc(105)] NOT IMPLEMENTED
Feb 16, 2018 18:30:28.53 [3632:3564:0216/183028.532:ERROR:process_metrics.cc(105)] NOT IMPLEMENTED
Feb 16, 2018 18:30:28.53 [3632:3564:0216/183028.532:ERROR:process_metrics.cc(105)] NOT IMPLEMENTED
Feb 16, 2018 18:30:28.53 [3632:4560:0216/183028.532:ERROR:gcm_channel_status_request.cc(127)] GCM channel request failed.
Feb 16, 2018 18:30:28.53 [3632:3564:0216/183028.532:ERROR:checkin_request.cc(211)] Failed to get checkin response. Fetcher failed. Retrying.
Feb 16, 2018 18:30:51.31 [3632:3564:0216/183051.316:ERROR:checkin_request.cc(211)] Failed to get checkin response. Fetcher failed. Retrying.
Feb 16, 2018 18:30:52.59 [3632:4560:0216/183052.596:ERROR:gcm_channel_status_request.cc(127)] GCM channel request failed.
Feb 16, 2018 18:31:40.53 [3632:4560:0216/183140.535:ERROR:gcm_channel_status_request.cc(127)] GCM channel request failed.
Feb 16, 2018 18:31:48.34 [3632:3564:0216/183148.347:ERROR:checkin_request.cc(211)] Failed to get checkin response. Fetcher failed. Retrying.
Feb 16, 2018 18:32:03.32 [3632:3564:0216/183203.323:ERROR:connection_factory_impl.cc(381)] Failed to connect to MCS endpoint with error -106
Feb 16, 2018 18:32:28.54 [3632:3564:0216/183228.547:ERROR:process_metrics.cc(105)] NOT IMPLEMENTED
Feb 16, 2018 18:32:28.54 [3632:3564:0216/183228.547:ERROR:process_metrics.cc(105)] NOT IMPLEMENTED
Feb 16, 2018 18:32:28.54 [3632:3564:0216/183228.547:ERROR:process_metrics.cc(105)] NOT IMPLEMENTED
Feb 16, 2018 18:32:28.54 [3632:3564:0216/183228.547:ERROR:process_metrics.cc(105)] NOT IMPLEMENTED
Feb 16, 2018 18:32:28.54 [3632:3564:0216/183228.547:ERROR:process_metrics.cc(105)] NOT IMPLEMENTED
Feb 16, 2018 18:32:28.54 [3632:3564:0216/183228.547:ERROR:process_metrics.cc(105)] NOT IMPLEMENTED
Feb 16, 2018 18:32:28.54 [3632:3564:0216/183228.547:ERROR:process_metrics.cc(105)] NOT IMPLEMENTED
Feb 16, 2018 18:32:28.54 [3632:3564:0216/183228.547:ERROR:process_metrics.cc(105)] NOT IMPLEMENTED
Feb 16, 2018 18:32:28.54 [3632:3564:0216/183228.547:ERROR:process_metrics.cc(105)] NOT IMPLEMENTED
Feb 16, 2018 18:33:35.03 [3632:3564:0216/183335.035:ERROR:checkin_request.cc(211)] Failed to get checkin response. Fetcher failed. Retrying.
Feb 16, 2018 18:33:37.50 [3632:4560:0216/183337.508:ERROR:gcm_channel_status_request.cc(127)] GCM channel request failed.
Feb 16, 2018 18:34:28.55 [3632:3564:0216/183428.557:ERROR:process_metrics.cc(105)] NOT IMPLEMENTED
Feb 16, 2018 18:34:28.55 [3632:3564:0216/183428.557:ERROR:process_metrics.cc(105)] NOT IMPLEMENTED
Feb 16, 2018 18:34:28.55 [3632:3564:0216/183428.557:ERROR:process_metrics.cc(105)] NOT IMPLEMENTED
Feb 16, 2018 18:34:28.55 [3632:3564:0216/183428.557:ERROR:process_metrics.cc(105)] NOT IMPLEMENTED
Feb 16, 2018 18:34:28.55 [3632:3564:0216/183428.557:ERROR:process_metrics.cc(105)] NOT IMPLEMENTED
Feb 16, 2018 18:34:28.55 [3632:3564:0216/183428.557:ERROR:process_metrics.cc(105)] NOT IMPLEMENTED
Feb 16, 2018 18:34:28.55 [3632:3564:0216/183428.557:ERROR:process_metrics.cc(105)] NOT IMPLEMENTED
Feb 16, 2018 18:34:28.55 [3632:3564:0216/183428.557:ERROR:process_metrics.cc(105)] NOT IMPLEMENTED
Feb 16, 2018 18:34:28.55 [3632:3564:0216/183428.557:ERROR:process_metrics.cc(105)] NOT IMPLEMENTED
Feb 16, 2018 18:35:02.96 [3632:3564:0216/183502.966:ERROR:connection_factory_impl.cc(381)] Failed to connect to MCS endpoint with error -105
Feb 16, 2018 18:35:33.25 [3632:3564:0216/183533.256:ERROR:connection_factory_impl.cc(381)] Failed to connect to MCS endpoint with error -106
Feb 16, 2018 18:36:10.39 [3632:3564:0216/183610.397:ERROR:connection_factory_impl.cc(381)] Failed to connect to MCS endpoint with error -105
Feb 16, 2018 18:36:28.56 [3632:3564:0216/183628.564:ERROR:process_metrics.cc(105)] NOT IMPLEMENTED
Feb 16, 2018 18:36:28.56 [3632:3564:0216/183628.564:ERROR:process_metrics.cc(105)] NOT IMPLEMENTED
Feb 16, 2018 18:36:28.56 [3632:3564:0216/183628.564:ERROR:process_metrics.cc(105)] NOT IMPLEMENTED
Feb 16, 2018 18:36:28.56 [3632:3564:0216/183628.564:ERROR:process_metrics.cc(105)] NOT IMPLEMENTED
Feb 16, 2018 18:36:28.56 [3632:3564:0216/183628.564:ERROR:process_metrics.cc(105)] NOT IMPLEMENTED
Feb 16, 2018 18:36:28.56 [3632:3564:0216/183628.564:ERROR:process_metrics.cc(105)] NOT IMPLEMENTED
Feb 16, 2018 18:36:28.56 [3632:3564:0216/183628.564:ERROR:process_metrics.cc(105)] NOT IMPLEMENTED
Feb 16, 2018 18:36:28.56 [3632:3564:0216/183628.564:ERROR:process_metrics.cc(105)] NOT IMPLEMENTED
Feb 16, 2018 18:36:28.56 [3632:3564:0216/183628.564:ERROR:process_metrics.cc(105)] NOT IMPLEMENTED
Feb 16, 2018 18:36:36.18 [3632:3564:0216/183636.186:ERROR:connection_factory_impl.cc(381)] Failed to connect to MCS endpoint with error -106
Feb 16, 2018 18:37:11.86 [3632:3564:0216/183711.860:ERROR:connection_factory_impl.cc(381)] Failed to connect to MCS endpoint with error -105
Feb 16, 2018 18:37:11.86 [3632:3564:0216/183711.860:ERROR:checkin_request.cc(211)] Failed to get checkin response. Fetcher failed. Retrying.
Feb 16, 2018 18:37:15.30 [3632:4560:0216/183715.308:ERROR:gcm_channel_status_request.cc(127)] GCM channel request failed.
Feb 16, 2018 18:37:20.89 [3632:3564:0216/183720.891:ERROR:connection_factory_impl.cc(381)] Failed to connect to MCS endpoint with error -21
Feb 16, 2018 18:38:28.56 [3632:3564:0216/183828.569:ERROR:process_metrics.cc(105)] NOT IMPLEMENTED
Feb 16, 2018 18:38:28.56 [3632:3564:0216/183828.569:ERROR:process_metrics.cc(105)] NOT IMPLEMENTED
Feb 16, 2018 18:38:28.56 [3632:3564:0216/183828.569:ERROR:process_metrics.cc(105)] NOT IMPLEMENTED
Feb 16, 2018 18:38:28.56 [3632:3564:0216/183828.569:ERROR:process_metrics.cc(105)] NOT IMPLEMENTED
Feb 16, 2018 18:38:28.56 [3632:3564:0216/183828.569:ERROR:process_metrics.cc(105)] NOT IMPLEMENTED
Feb 16, 2018 18:38:28.56 [3632:3564:0216/183828.569:ERROR:process_metrics.cc(105)] NOT IMPLEMENTED
Feb 16, 2018 18:38:28.56 [3632:3564:0216/183828.569:ERROR:process_metrics.cc(105)] NOT IMPLEMENTED
Feb 16, 2018 18:38:28.56 [3632:3564:0216/183828.569:ERROR:process_metrics.cc(105)] NOT IMPLEMENTED
Feb 16, 2018 18:38:28.56 [3632:3564:0216/183828.569:ERROR:process_metrics.cc(105)] NOT IMPLEMENTED
Feb 16, 2018 18:38:32.42 [3632:3564:0216/183832.422:ERROR:connection_factory_impl.cc(381)] Failed to connect to MCS endpoint with error -21
Feb 16, 2018 18:40:28.57 [3632:3564:0216/184028.575:ERROR:process_metrics.cc(105)] NOT IMPLEMENTED
Feb 16, 2018 18:40:28.57 [3632:3564:0216/184028.575:ERROR:process_metrics.cc(105)] NOT IMPLEMENTED
Feb 16, 2018 18:40:28.57 [3632:3564:0216/184028.575:ERROR:process_metrics.cc(105)] NOT IMPLEMENTED
Feb 16, 2018 18:40:28.57 [3632:3564:0216/184028.575:ERROR:process_metrics.cc(105)] NOT IMPLEMENTED
Feb 16, 2018 18:40:28.57 [3632:3564:0216/184028.575:ERROR:process_metrics.cc(105)] NOT IMPLEMENTED
Feb 16, 2018 18:40:28.57 [3632:3564:0216/184028.575:ERROR:process_metrics.cc(105)] NOT IMPLEMENTED
Feb 16, 2018 18:40:28.57 [3632:3564:0216/184028.575:ERROR:process_metrics.cc(105)] NOT IMPLEMENTED
Feb 16, 2018 18:40:28.57 [3632:3564:0216/184028.575:ERROR:process_metrics.cc(105)] NOT IMPLEMENTED
Feb 16, 2018 18:40:28.57 [3632:3564:0216/184028.575:ERROR:process_metrics.cc(105)] NOT IMPLEMENTED
Feb 16, 2018 18:42:28.58 [3632:3564:0216/184228.588:ERROR:process_metrics.cc(105)] NOT IMPLEMENTED
Feb 16, 2018 18:42:28.58 [3632:3564:0216/184228.588:ERROR:process_metrics.cc(105)] NOT IMPLEMENTED
Feb 16, 2018 18:42:28.58 [3632:3564:0216/184228.588:ERROR:process_metrics.cc(105)] NOT IMPLEMENTED
Feb 16, 2018 18:42:28.58 [3632:3564:0216/184228.588:ERROR:process_metrics.cc(105)] NOT IMPLEMENTED
Feb 16, 2018 18:42:28.58 [3632:3564:0216/184228.588:ERROR:process_metrics.cc(105)] NOT IMPLEMENTED
Feb 16, 2018 18:42:28.58 [3632:3564:0216/184228.588:ERROR:process_metrics.cc(105)] NOT IMPLEMENTED
Feb 16, 2018 18:42:28.58 [3632:3564:0216/184228.588:ERROR:process_metrics.cc(105)] NOT IMPLEMENTED
Feb 16, 2018 18:42:28.58 [3632:3564:0216/184228.588:ERROR:process_metrics.cc(105)] NOT IMPLEMENTED
Feb 16, 2018 18:42:28.58 [3632:3564:0216/184228.588:ERROR:process_metrics.cc(105)] NOT IMPLEMENTED
Feb 16, 2018 18:44:28.59 [3632:3564:0216/184428.591:ERROR:process_metrics.cc(105)] NOT IMPLEMENTED
Feb 16, 2018 18:44:28.59 [3632:3564:0216/184428.591:ERROR:process_metrics.cc(105)] NOT IMPLEMENTED
Feb 16, 2018 18:44:28.59 [3632:3564:0216/184428.591:ERROR:process_metrics.cc(105)] NOT IMPLEMENTED
Feb 16, 2018 18:44:28.59 [3632:3564:0216/184428.591:ERROR:process_metrics.cc(105)] NOT IMPLEMENTED
Feb 16, 2018 18:44:28.59 [3632:3564:0216/184428.591:ERROR:process_metrics.cc(105)] NOT IMPLEMENTED
Feb 16, 2018 18:44:28.59 [3632:3564:0216/184428.591:ERROR:process_metrics.cc(105)] NOT IMPLEMENTED
Feb 16, 2018 18:44:28.59 [3632:3564:0216/184428.591:ERROR:process_metrics.cc(105)] NOT IMPLEMENTED
Feb 16, 2018 18:44:28.59 [3632:3564:0216/184428.591:ERROR:process_metrics.cc(105)] NOT IMPLEMENTED
Feb 16, 2018 18:44:28.59 [3632:3564:0216/184428.591:ERROR:process_metrics.cc(105)] NOT IMPLEMENTED
Feb 16, 2018 18:46:28.59 [3632:3564:0216/184628.594:ERROR:process_metrics.cc(105)] NOT IMPLEMENTED
Feb 16, 2018 18:46:28.59 [3632:3564:0216/184628.594:ERROR:process_metrics.cc(105)] NOT IMPLEMENTED
Feb 16, 2018 18:46:28.59 [3632:3564:0216/184628.594:ERROR:process_metrics.cc(105)] NOT IMPLEMENTED
Feb 16, 2018 18:46:28.59 [3632:3564:0216/184628.594:ERROR:process_metrics.cc(105)] NOT IMPLEMENTED
Feb 16, 2018 18:46:28.59 [3632:3564:0216/184628.594:ERROR:process_metrics.cc(105)] NOT IMPLEMENTED
Feb 16, 2018 18:46:28.59 [3632:3564:0216/184628.594:ERROR:process_metrics.cc(105)] NOT IMPLEMENTED
Feb 16, 2018 18:46:28.59 [3632:3564:0216/184628.594:ERROR:process_metrics.cc(105)] NOT IMPLEMENTED
Feb 16, 2018 18:46:28.59 [3632:3564:0216/184628.594:ERROR:process_metrics.cc(105)] NOT IMPLEMENTED
Feb 16, 2018 18:46:28.59 [3632:3564:0216/184628.594:ERROR:process_metrics.cc(105)] NOT IMPLEMENTED
Feb 16, 2018 18:48:28.60 [3632:3564:0216/184828.604:ERROR:process_metrics.cc(105)] NOT IMPLEMENTED
Feb 16, 2018 18:48:28.60 [3632:3564:0216/184828.604:ERROR:process_metrics.cc(105)] NOT IMPLEMENTED
Feb 16, 2018 18:48:28.60 [3632:3564:0216/184828.604:ERROR:process_metrics.cc(105)] NOT IMPLEMENTED
Feb 16, 2018 18:48:28.60 [3632:3564:0216/184828.604:ERROR:process_metrics.cc(105)] NOT IMPLEMENTED
Feb 16, 2018 18:48:28.60 [3632:3564:0216/184828.604:ERROR:process_metrics.cc(105)] NOT IMPLEMENTED
Feb 16, 2018 18:48:28.60 [3632:3564:0216/184828.604:ERROR:process_metrics.cc(105)] NOT IMPLEMENTED
Feb 16, 2018 18:48:28.60 [3632:3564:0216/184828.604:ERROR:process_metrics.cc(105)] NOT IMPLEMENTED
Feb 16, 2018 18:48:28.60 [3632:3564:0216/184828.604:ERROR:process_metrics.cc(105)] NOT IMPLEMENTED
Feb 16, 2018 18:48:28.60 [3632:3564:0216/184828.604:ERROR:process_metrics.cc(105)] NOT IMPLEMENTED
Feb 16, 2018 18:50:28.61 [3632:3564:0216/185028.615:ERROR:process_metrics.cc(105)] NOT IMPLEMENTED
Feb 16, 2018 18:50:28.61 [3632:3564:0216/185028.615:ERROR:process_metrics.cc(105)] NOT IMPLEMENTED
Feb 16, 2018 18:50:28.61 [3632:3564:0216/185028.615:ERROR:process_metrics.cc(105)] NOT IMPLEMENTED
Feb 16, 2018 18:50:28.61 [3632:3564:0216/185028.615:ERROR:process_metrics.cc(105)] NOT IMPLEMENTED
Feb 16, 2018 18:50:28.61 [3632:3564:0216/185028.615:ERROR:process_metrics.cc(105)] NOT IMPLEMENTED
Feb 16, 2018 18:50:28.61 [3632:3564:0216/185028.615:ERROR:process_metrics.cc(105)] NOT IMPLEMENTED
Feb 16, 2018 18:50:28.61 [3632:3564:0216/185028.615:ERROR:process_metrics.cc(105)] NOT IMPLEMENTED
Feb 16, 2018 18:50:28.61 [3632:3564:0216/185028.615:ERROR:process_metrics.cc(105)] NOT IMPLEMENTED
Feb 16, 2018 18:50:28.61 [3632:3564:0216/185028.615:ERROR:process_metrics.cc(105)] NOT IMPLEMENTED
Feb 16, 2018 18:52:28.62 [3632:3564:0216/185228.626:ERROR:process_metrics.cc(105)] NOT IMPLEMENTED
Feb 16, 2018 18:52:28.62 [3632:3564:0216/185228.626:ERROR:process_metrics.cc(105)] NOT IMPLEMENTED
Feb 16, 2018 18:52:28.62 [3632:3564:0216/185228.626:ERROR:process_metrics.cc(105)] NOT IMPLEMENTED
Feb 16, 2018 18:52:28.62 [3632:3564:0216/185228.626:ERROR:process_metrics.cc(105)] NOT IMPLEMENTED
Feb 16, 2018 18:52:28.62 [3632:3564:0216/185228.626:ERROR:process_metrics.cc(105)] NOT IMPLEMENTED
Feb 16, 2018 18:52:28.62 [3632:3564:0216/185228.626:ERROR:process_metrics.cc(105)] NOT IMPLEMENTED
Feb 16, 2018 18:52:28.62 [3632:3564:0216/185228.626:ERROR:process_metrics.cc(105)] NOT IMPLEMENTED
Feb 16, 2018 18:52:28.62 [3632:3564:0216/185228.626:ERROR:process_metrics.cc(105)] NOT IMPLEMENTED
Feb 16, 2018 18:52:28.62 [3632:3564:0216/185228.626:ERROR:process_metrics.cc(105)] NOT IMPLEMENTED
Feb 16, 2018 18:52:48.91 [3632:3564:0216/185248.918:ERROR:connection_factory_impl.cc(381)] Failed to connect to MCS endpoint with error -21
Feb 16, 2018 18:54:28.62 [3632:3564:0216/185428.629:ERROR:process_metrics.cc(105)] NOT IMPLEMENTED
Feb 16, 2018 18:54:28.62 [3632:3564:0216/185428.629:ERROR:process_metrics.cc(105)] NOT IMPLEMENTED
Feb 16, 2018 18:54:28.62 [3632:3564:0216/185428.629:ERROR:process_metrics.cc(105)] NOT IMPLEMENTED
Feb 16, 2018 18:54:28.62 [3632:3564:0216/185428.629:ERROR:process_metrics.cc(105)] NOT IMPLEMENTED
Feb 16, 2018 18:54:28.62 [3632:3564:0216/185428.629:ERROR:process_metrics.cc(105)] NOT IMPLEMENTED
Feb 16, 2018 18:54:28.62 [3632:3564:0216/185428.629:ERROR:process_metrics.cc(105)] NOT IMPLEMENTED
Feb 16, 2018 18:54:28.62 [3632:3564:0216/185428.629:ERROR:process_metrics.cc(105)] NOT IMPLEMENTED
Feb 16, 2018 18:54:28.62 [3632:3564:0216/185428.629:ERROR:process_metrics.cc(105)] NOT IMPLEMENTED
Feb 16, 2018 18:54:28.62 [3632:3564:0216/185428.629:ERROR:process_metrics.cc(105)] NOT IMPLEMENTED
Feb 16, 2018 18:56:28.64 [3632:3564:0216/185628.640:ERROR:process_metrics.cc(105)] NOT IMPLEMENTED
Feb 16, 2018 18:56:28.64 [3632:3564:0216/185628.640:ERROR:process_metrics.cc(105)] NOT IMPLEMENTED
Feb 16, 2018 18:56:28.64 [3632:3564:0216/185628.640:ERROR:process_metrics.cc(105)] NOT IMPLEMENTED
Feb 16, 2018 18:56:28.64 [3632:3564:0216/185628.640:ERROR:process_metrics.cc(105)] NOT IMPLEMENTED
Feb 16, 2018 18:56:28.64 [3632:3564:0216/185628.640:ERROR:process_metrics.cc(105)] NOT IMPLEMENTED
Feb 16, 2018 18:56:28.64 [3632:3564:0216/185628.640:ERROR:process_metrics.cc(105)] NOT IMPLEMENTED
Feb 16, 2018 18:56:28.64 [3632:3564:0216/185628.640:ERROR:process_metrics.cc(105)] NOT IMPLEMENTED
Feb 16, 2018 18:56:28.64 [3632:3564:0216/185628.640:ERROR:process_metrics.cc(105)] NOT IMPLEMENTED
Feb 16, 2018 18:56:28.64 [3632:3564:0216/185628.640:ERROR:process_metrics.cc(105)] NOT IMPLEMENTED
Feb 16, 2018 18:58:28.65 [3632:3564:0216/185828.651:ERROR:process_metrics.cc(105)] NOT IMPLEMENTED
Feb 16, 2018 18:58:28.65 [3632:3564:0216/185828.651:ERROR:process_metrics.cc(105)] NOT IMPLEMENTED
Feb 16, 2018 18:58:28.65 [3632:3564:0216/185828.651:ERROR:process_metrics.cc(105)] NOT IMPLEMENTED
Feb 16, 2018 18:58:28.65 [3632:3564:0216/185828.651:ERROR:process_metrics.cc(105)] NOT IMPLEMENTED
Feb 16, 2018 18:58:28.65 [3632:3564:0216/185828.651:ERROR:process_metrics.cc(105)] NOT IMPLEMENTED
Feb 16, 2018 18:58:28.65 [3632:3564:0216/185828.651:ERROR:process_metrics.cc(105)] NOT IMPLEMENTED
Feb 16, 2018 18:58:28.65 [3632:3564:0216/185828.651:ERROR:process_metrics.cc(105)] NOT IMPLEMENTED
Feb 16, 2018 18:58:28.65 [3632:3564:0216/185828.651:ERROR:process_metrics.cc(105)] NOT IMPLEMENTED
Feb 16, 2018 18:58:28.65 [3632:3564:0216/185828.651:ERROR:process_metrics.cc(105)] NOT IMPLEMENTED
Feb 16, 2018 19:00:28.66 [3632:3564:0216/190028.663:ERROR:process_metrics.cc(105)] NOT IMPLEMENTED
Feb 16, 2018 19:00:28.66 [3632:3564:0216/190028.663:ERROR:process_metrics.cc(105)] NOT IMPLEMENTED
Feb 16, 2018 19:00:28.66 [3632:3564:0216/190028.663:ERROR:process_metrics.cc(105)] NOT IMPLEMENTED
Feb 16, 2018 19:00:28.66 [3632:3564:0216/190028.663:ERROR:process_metrics.cc(105)] NOT IMPLEMENTED
Feb 16, 2018 19:00:28.66 [3632:3564:0216/190028.663:ERROR:process_metrics.cc(105)] NOT IMPLEMENTED
Feb 16, 2018 19:00:28.66 [3632:3564:0216/190028.663:ERROR:process_metrics.cc(105)] NOT IMPLEMENTED
Feb 16, 2018 19:00:28.66 [3632:3564:0216/190028.663:ERROR:process_metrics.cc(105)] NOT IMPLEMENTED
Feb 16, 2018 19:00:28.66 [3632:3564:0216/190028.663:ERROR:process_metrics.cc(105)] NOT IMPLEMENTED
Feb 16, 2018 19:00:28.66 [3632:3564:0216/190028.663:ERROR:process_metrics.cc(105)] NOT IMPLEMENTED
Feb 16, 2018 19:02:28.66 [3632:3564:0216/190228.667:ERROR:process_metrics.cc(105)] NOT IMPLEMENTED
Feb 16, 2018 19:02:28.66 [3632:3564:0216/190228.667:ERROR:process_metrics.cc(105)] NOT IMPLEMENTED
Feb 16, 2018 19:02:28.66 [3632:3564:0216/190228.667:ERROR:process_metrics.cc(105)] NOT IMPLEMENTED
Feb 16, 2018 19:02:28.66 [3632:3564:0216/190228.667:ERROR:process_metrics.cc(105)] NOT IMPLEMENTED
Feb 16, 2018 19:02:28.66 [3632:3564:0216/190228.667:ERROR:process_metrics.cc(105)] NOT IMPLEMENTED
Feb 16, 2018 19:02:28.66 [3632:3564:0216/190228.667:ERROR:process_metrics.cc(105)] NOT IMPLEMENTED
Feb 16, 2018 19:02:28.66 [3632:3564:0216/190228.667:ERROR:process_metrics.cc(105)] NOT IMPLEMENTED
Feb 16, 2018 19:02:28.66 [3632:3564:0216/190228.667:ERROR:process_metrics.cc(105)] NOT IMPLEMENTED
Feb 16, 2018 19:02:28.66 [3632:3564:0216/190228.667:ERROR:process_metrics.cc(105)] NOT IMPLEMENTED
Feb 16, 2018 19:04:28.67 [3632:3564:0216/190428.671:ERROR:process_metrics.cc(105)] NOT IMPLEMENTED
Feb 16, 2018 19:04:28.67 [3632:3564:0216/190428.671:ERROR:process_metrics.cc(105)] NOT IMPLEMENTED
Feb 16, 2018 19:04:28.67 [3632:3564:0216/190428.671:ERROR:process_metrics.cc(105)] NOT IMPLEMENTED
Feb 16, 2018 19:04:28.67 [3632:3564:0216/190428.671:ERROR:process_metrics.cc(105)] NOT IMPLEMENTED
Feb 16, 2018 19:04:28.67 [3632:3564:0216/190428.671:ERROR:process_metrics.cc(105)] NOT IMPLEMENTED
Feb 16, 2018 19:04:28.67 [3632:3564:0216/190428.671:ERROR:process_metrics.cc(105)] NOT IMPLEMENTED
Feb 16, 2018 19:04:28.67 [3632:3564:0216/190428.671:ERROR:process_metrics.cc(105)] NOT IMPLEMENTED
Feb 16, 2018 19:04:28.67 [3632:3564:0216/190428.671:ERROR:process_metrics.cc(105)] NOT IMPLEMENTED
Feb 16, 2018 19:04:28.67 [3632:3564:0216/190428.671:ERROR:process_metrics.cc(105)] NOT IMPLEMENTED
Feb 16, 2018 19:06:28.67 [3632:3564:0216/190628.675:ERROR:process_metrics.cc(105)] NOT IMPLEMENTED
Feb 16, 2018 19:06:28.67 [3632:3564:0216/190628.675:ERROR:process_metrics.cc(105)] NOT IMPLEMENTED
Feb 16, 2018 19:06:28.67 [3632:3564:0216/190628.675:ERROR:process_metrics.cc(105)] NOT IMPLEMENTED
Feb 16, 2018 19:06:28.67 [3632:3564:0216/190628.675:ERROR:process_metrics.cc(105)] NOT IMPLEMENTED
Feb 16, 2018 19:06:28.67 [3632:3564:0216/190628.675:ERROR:process_metrics.cc(105)] NOT IMPLEMENTED
Feb 16, 2018 19:06:28.67 [3632:3564:0216/190628.675:ERROR:process_metrics.cc(105)] NOT IMPLEMENTED
Feb 16, 2018 19:06:28.67 [3632:3564:0216/190628.675:ERROR:process_metrics.cc(105)] NOT IMPLEMENTED
Feb 16, 2018 19:06:28.67 [3632:3564:0216/190628.675:ERROR:process_metrics.cc(105)] NOT IMPLEMENTED
Feb 16, 2018 19:06:28.67 [3632:3564:0216/190628.675:ERROR:process_metrics.cc(105)] NOT IMPLEMENTED
Feb 16, 2018 19:08:28.68 [3632:3564:0216/190828.680:ERROR:process_metrics.cc(105)] NOT IMPLEMENTED
Feb 16, 2018 19:08:28.68 [3632:3564:0216/190828.680:ERROR:process_metrics.cc(105)] NOT IMPLEMENTED
Feb 16, 2018 19:08:28.68 [3632:3564:0216/190828.680:ERROR:process_metrics.cc(105)] NOT IMPLEMENTED
Feb 16, 2018 19:08:28.68 [3632:3564:0216/190828.680:ERROR:process_metrics.cc(105)] NOT IMPLEMENTED
Feb 16, 2018 19:08:28.68 [3632:3564:0216/190828.680:ERROR:process_metrics.cc(105)] NOT IMPLEMENTED
Feb 16, 2018 19:08:28.68 [3632:3564:0216/190828.680:ERROR:process_metrics.cc(105)] NOT IMPLEMENTED
Feb 16, 2018 19:08:28.68 [3632:3564:0216/190828.680:ERROR:process_metrics.cc(105)] NOT IMPLEMENTED
Feb 16, 2018 19:08:28.68 [3632:3564:0216/190828.680:ERROR:process_metrics.cc(105)] NOT IMPLEMENTED
Feb 16, 2018 19:08:28.68 [3632:3564:0216/190828.680:ERROR:process_metrics.cc(105)] NOT IMPLEMENTED
Feb 16, 2018 19:10:28.68 [3632:3564:0216/191028.685:ERROR:process_metrics.cc(105)] NOT IMPLEMENTED
Feb 16, 2018 19:10:28.68 [3632:3564:0216/191028.685:ERROR:process_metrics.cc(105)] NOT IMPLEMENTED
Feb 16, 2018 19:10:28.68 [3632:3564:0216/191028.685:ERROR:process_metrics.cc(105)] NOT IMPLEMENTED
Feb 16, 2018 19:10:28.68 [3632:3564:0216/191028.685:ERROR:process_metrics.cc(105)] NOT IMPLEMENTED
Feb 16, 2018 19:10:28.68 [3632:3564:0216/191028.685:ERROR:process_metrics.cc(105)] NOT IMPLEMENTED
Feb 16, 2018 19:10:28.68 [3632:3564:0216/191028.685:ERROR:process_metrics.cc(105)] NOT IMPLEMENTED
Feb 16, 2018 19:10:28.68 [3632:3564:0216/191028.685:ERROR:process_metrics.cc(105)] NOT IMPLEMENTED
Feb 16, 2018 19:10:28.68 [3632:3564:0216/191028.685:ERROR:process_metrics.cc(105)] NOT IMPLEMENTED
Feb 16, 2018 19:10:28.68 [3632:3564:0216/191028.685:ERROR:process_metrics.cc(105)] NOT IMPLEMENTED
Feb 16, 2018 19:12:28.69 [3632:3564:0216/191228.690:ERROR:process_metrics.cc(105)] NOT IMPLEMENTED
Feb 16, 2018 19:12:28.69 [3632:3564:0216/191228.690:ERROR:process_metrics.cc(105)] NOT IMPLEMENTED
Feb 16, 2018 19:12:28.69 [3632:3564:0216/191228.690:ERROR:process_metrics.cc(105)] NOT IMPLEMENTED
Feb 16, 2018 19:12:28.69 [3632:3564:0216/191228.690:ERROR:process_metrics.cc(105)] NOT IMPLEMENTED
Feb 16, 2018 19:12:28.69 [3632:3564:0216/191228.690:ERROR:process_metrics.cc(105)] NOT IMPLEMENTED
Feb 16, 2018 19:12:28.69 [3632:3564:0216/191228.690:ERROR:process_metrics.cc(105)] NOT IMPLEMENTED
Feb 16, 2018 19:12:28.69 [3632:3564:0216/191228.690:ERROR:process_metrics.cc(105)] NOT IMPLEMENTED
Feb 16, 2018 19:12:28.69 [3632:3564:0216/191228.690:ERROR:process_metrics.cc(105)] NOT IMPLEMENTED
Feb 16, 2018 19:12:28.69 [3632:3564:0216/191228.690:ERROR:process_metrics.cc(105)] NOT IMPLEMENTED
Feb 16, 2018 19:14:28.70 [3632:3564:0216/191428.701:ERROR:process_metrics.cc(105)] NOT IMPLEMENTED
Feb 16, 2018 19:14:28.70 [3632:3564:0216/191428.701:ERROR:process_metrics.cc(105)] NOT IMPLEMENTED
Feb 16, 2018 19:14:28.70 [3632:3564:0216/191428.701:ERROR:process_metrics.cc(105)] NOT IMPLEMENTED
Feb 16, 2018 19:14:28.70 [3632:3564:0216/191428.701:ERROR:process_metrics.cc(105)] NOT IMPLEMENTED
Feb 16, 2018 19:14:28.70 [3632:3564:0216/191428.701:ERROR:process_metrics.cc(105)] NOT IMPLEMENTED
Feb 16, 2018 19:14:28.70 [3632:3564:0216/191428.701:ERROR:process_metrics.cc(105)] NOT IMPLEMENTED
Feb 16, 2018 19:14:28.70 [3632:3564:0216/191428.701:ERROR:process_metrics.cc(105)] NOT IMPLEMENTED
Feb 16, 2018 19:14:28.70 [3632:3564:0216/191428.701:ERROR:process_metrics.cc(105)] NOT IMPLEMENTED
Feb 16, 2018 19:14:28.70 [3632:3564:0216/191428.701:ERROR:process_metrics.cc(105)] NOT IMPLEMENTED
Feb 16, 2018 19:16:28.71 [3632:3564:0216/191628.714:ERROR:process_metrics.cc(105)] NOT IMPLEMENTED
Feb 16, 2018 19:16:28.71 [3632:3564:0216/191628.714:ERROR:process_metrics.cc(105)] NOT IMPLEMENTED
Feb 16, 2018 19:16:28.71 [3632:3564:0216/191628.714:ERROR:process_metrics.cc(105)] NOT IMPLEMENTED
Feb 16, 2018 19:16:28.71 [3632:3564:0216/191628.714:ERROR:process_metrics.cc(105)] NOT IMPLEMENTED
Feb 16, 2018 19:16:28.71 [3632:3564:0216/191628.714:ERROR:process_metrics.cc(105)] NOT IMPLEMENTED
Feb 16, 2018 19:16:28.71 [3632:3564:0216/191628.714:ERROR:process_metrics.cc(105)] NOT IMPLEMENTED
Feb 16, 2018 19:16:28.71 [3632:3564:0216/191628.714:ERROR:process_metrics.cc(105)] NOT IMPLEMENTED
Feb 16, 2018 19:16:28.71 [3632:3564:0216/191628.714:ERROR:process_metrics.cc(105)] NOT IMPLEMENTED
Feb 16, 2018 19:16:28.71 [3632:3564:0216/191628.714:ERROR:process_metrics.cc(105)] NOT IMPLEMENTED
Feb 16, 2018 19:18:28.72 [3632:3564:0216/191828.725:ERROR:process_metrics.cc(105)] NOT IMPLEMENTED
Feb 16, 2018 19:18:28.72 [3632:3564:0216/191828.725:ERROR:process_metrics.cc(105)] NOT IMPLEMENTED
Feb 16, 2018 19:18:28.72 [3632:3564:0216/191828.725:ERROR:process_metrics.cc(105)] NOT IMPLEMENTED
Feb 16, 2018 19:18:28.72 [3632:3564:0216/191828.725:ERROR:process_metrics.cc(105)] NOT IMPLEMENTED
Feb 16, 2018 19:18:28.72 [3632:3564:0216/191828.725:ERROR:process_metrics.cc(105)] NOT IMPLEMENTED
Feb 16, 2018 19:18:28.72 [3632:3564:0216/191828.725:ERROR:process_metrics.cc(105)] NOT IMPLEMENTED
Feb 16, 2018 19:18:28.72 [3632:3564:0216/191828.725:ERROR:process_metrics.cc(105)] NOT IMPLEMENTED
Feb 16, 2018 19:18:28.72 [3632:3564:0216/191828.725:ERROR:process_metrics.cc(105)] NOT IMPLEMENTED
Feb 16, 2018 19:18:28.72 [3632:3564:0216/191828.725:ERROR:process_metrics.cc(105)] NOT IMPLEMENTED
Feb 16, 2018 19:20:28.73 [3632:3564:0216/192028.735:ERROR:process_metrics.cc(105)] NOT IMPLEMENTED
Feb 16, 2018 19:20:28.73 [3632:3564:0216/192028.735:ERROR:process_metrics.cc(105)] NOT IMPLEMENTED
Feb 16, 2018 19:20:28.73 [3632:3564:0216/192028.735:ERROR:process_metrics.cc(105)] NOT IMPLEMENTED
Feb 16, 2018 19:20:28.73 [3632:3564:0216/192028.735:ERROR:process_metrics.cc(105)] NOT IMPLEMENTED
Feb 16, 2018 19:20:28.73 [3632:3564:0216/192028.735:ERROR:process_metrics.cc(105)] NOT IMPLEMENTED
Feb 16, 2018 19:20:28.73 [3632:3564:0216/192028.735:ERROR:process_metrics.cc(105)] NOT IMPLEMENTED
Feb 16, 2018 19:20:28.73 [3632:3564:0216/192028.735:ERROR:process_metrics.cc(105)] NOT IMPLEMENTED
Feb 16, 2018 19:20:28.73 [3632:3564:0216/192028.735:ERROR:process_metrics.cc(105)] NOT IMPLEMENTED
Feb 16, 2018 19:20:28.73 [3632:3564:0216/192028.735:ERROR:process_metrics.cc(105)] NOT IMPLEMENTED
Feb 16, 2018 19:22:28.74 [3632:3564:0216/192228.744:ERROR:process_metrics.cc(105)] NOT IMPLEMENTED
Feb 16, 2018 19:22:28.75 [3632:3564:0216/192228.744:ERROR:process_metrics.cc(105)] NOT IMPLEMENTED
Feb 16, 2018 19:22:28.75 [3632:3564:0216/192228.744:ERROR:process_metrics.cc(105)] NOT IMPLEMENTED
Feb 16, 2018 19:22:28.75 [3632:3564:0216/192228.744:ERROR:process_metrics.cc(105)] NOT IMPLEMENTED
Feb 16, 2018 19:22:28.75 [3632:3564:0216/192228.744:ERROR:process_metrics.cc(105)] NOT IMPLEMENTED
Feb 16, 2018 19:22:28.75 [3632:3564:0216/192228.744:ERROR:process_metrics.cc(105)] NOT IMPLEMENTED
Feb 16, 2018 19:22:28.75 [3632:3564:0216/192228.744:ERROR:process_metrics.cc(105)] NOT IMPLEMENTED
Feb 16, 2018 19:22:28.75 [3632:3564:0216/192228.744:ERROR:process_metrics.cc(105)] NOT IMPLEMENTED
Feb 16, 2018 19:22:28.75 [3632:3564:0216/192228.744:ERROR:process_metrics.cc(105)] NOT IMPLEMENTED
Feb 16, 2018 19:24:28.75 [3632:3564:0216/192428.756:ERROR:process_metrics.cc(105)] NOT IMPLEMENTED
Feb 16, 2018 19:24:28.75 [3632:3564:0216/192428.756:ERROR:process_metrics.cc(105)] NOT IMPLEMENTED
Feb 16, 2018 19:24:28.75 [3632:3564:0216/192428.756:ERROR:process_metrics.cc(105)] NOT IMPLEMENTED
Feb 16, 2018 19:24:28.75 [3632:3564:0216/192428.756:ERROR:process_metrics.cc(105)] NOT IMPLEMENTED
Feb 16, 2018 19:24:28.75 [3632:3564:0216/192428.756:ERROR:process_metrics.cc(105)] NOT IMPLEMENTED
Feb 16, 2018 19:24:28.75 [3632:3564:0216/192428.756:ERROR:process_metrics.cc(105)] NOT IMPLEMENTED
Feb 16, 2018 19:24:28.75 [3632:3564:0216/192428.756:ERROR:process_metrics.cc(105)] NOT IMPLEMENTED
Feb 16, 2018 19:24:28.75 [3632:3564:0216/192428.756:ERROR:process_metrics.cc(105)] NOT IMPLEMENTED
Feb 16, 2018 19:24:28.75 [3632:3564:0216/192428.756:ERROR:process_metrics.cc(105)] NOT IMPLEMENTED
Feb 16, 2018 19:26:28.76 [3632:3564:0216/192628.766:ERROR:process_metrics.cc(105)] NOT IMPLEMENTED
Feb 16, 2018 19:26:28.76 [3632:3564:0216/192628.766:ERROR:process_metrics.cc(105)] NOT IMPLEMENTED
Feb 16, 2018 19:26:28.76 [3632:3564:0216/192628.766:ERROR:process_metrics.cc(105)] NOT IMPLEMENTED
Feb 16, 2018 19:26:28.76 [3632:3564:0216/192628.766:ERROR:process_metrics.cc(105)] NOT IMPLEMENTED
Feb 16, 2018 19:26:28.76 [3632:3564:0216/192628.766:ERROR:process_metrics.cc(105)] NOT IMPLEMENTED
Feb 16, 2018 19:26:28.76 [3632:3564:0216/192628.766:ERROR:process_metrics.cc(105)] NOT IMPLEMENTED
Feb 16, 2018 19:26:28.76 [3632:3564:0216/192628.766:ERROR:process_metrics.cc(105)] NOT IMPLEMENTED
Feb 16, 2018 19:26:28.76 [3632:3564:0216/192628.766:ERROR:process_metrics.cc(105)] NOT IMPLEMENTED
Feb 16, 2018 19:26:28.76 [3632:3564:0216/192628.766:ERROR:process_metrics.cc(105)] NOT IMPLEMENTED
Feb 16, 2018 19:28:28.76 [3632:3564:0216/192828.769:ERROR:process_metrics.cc(105)] NOT IMPLEMENTED
Feb 16, 2018 19:28:28.76 [3632:3564:0216/192828.769:ERROR:process_metrics.cc(105)] NOT IMPLEMENTED
Feb 16, 2018 19:28:28.76 [3632:3564:0216/192828.769:ERROR:process_metrics.cc(105)] NOT IMPLEMENTED
Feb 16, 2018 19:28:28.76 [3632:3564:0216/192828.769:ERROR:process_metrics.cc(105)] NOT IMPLEMENTED
Feb 16, 2018 19:28:28.76 [3632:3564:0216/192828.769:ERROR:process_metrics.cc(105)] NOT IMPLEMENTED
Feb 16, 2018 19:28:28.76 [3632:3564:0216/192828.769:ERROR:process_metrics.cc(105)] NOT IMPLEMENTED
Feb 16, 2018 19:28:28.76 [3632:3564:0216/192828.769:ERROR:process_metrics.cc(105)] NOT IMPLEMENTED
Feb 16, 2018 19:28:28.76 [3632:3564:0216/192828.769:ERROR:process_metrics.cc(105)] NOT IMPLEMENTED
Feb 16, 2018 19:28:28.76 [3632:3564:0216/192828.769:ERROR:process_metrics.cc(105)] NOT IMPLEMENTED
Feb 16, 2018 19:30:28.77 [3632:3564:0216/193028.773:ERROR:process_metrics.cc(105)] NOT IMPLEMENTED
Feb 16, 2018 19:30:28.77 [3632:3564:0216/193028.773:ERROR:process_metrics.cc(105)] NOT IMPLEMENTED
Feb 16, 2018 19:30:28.77 [3632:3564:0216/193028.773:ERROR:process_metrics.cc(105)] NOT IMPLEMENTED
Feb 16, 2018 19:30:28.77 [3632:3564:0216/193028.773:ERROR:process_metrics.cc(105)] NOT IMPLEMENTED
Feb 16, 2018 19:30:28.77 [3632:3564:0216/193028.773:ERROR:process_metrics.cc(105)] NOT IMPLEMENTED
Feb 16, 2018 19:30:28.77 [3632:3564:0216/193028.773:ERROR:process_metrics.cc(105)] NOT IMPLEMENTED
Feb 16, 2018 19:30:28.77 [3632:3564:0216/193028.773:ERROR:process_metrics.cc(105)] NOT IMPLEMENTED
Feb 16, 2018 19:30:28.77 [3632:3564:0216/193028.773:ERROR:process_metrics.cc(105)] NOT IMPLEMENTED
Feb 16, 2018 19:30:28.77 [3632:3564:0216/193028.773:ERROR:process_metrics.cc(105)] NOT IMPLEMENTED
Feb 16, 2018 19:32:28.77 [3632:3564:0216/193228.779:ERROR:process_metrics.cc(105)] NOT IMPLEMENTED
Feb 16, 2018 19:32:28.77 [3632:3564:0216/193228.779:ERROR:process_metrics.cc(105)] NOT IMPLEMENTED
Feb 16, 2018 19:32:28.77 [3632:3564:0216/193228.779:ERROR:process_metrics.cc(105)] NOT IMPLEMENTED
Feb 16, 2018 19:32:28.77 [3632:3564:0216/193228.779:ERROR:process_metrics.cc(105)] NOT IMPLEMENTED
Feb 16, 2018 19:32:28.77 [3632:3564:0216/193228.779:ERROR:process_metrics.cc(105)] NOT IMPLEMENTED
Feb 16, 2018 19:32:28.77 [3632:3564:0216/193228.779:ERROR:process_metrics.cc(105)] NOT IMPLEMENTED
Feb 16, 2018 19:32:28.77 [3632:3564:0216/193228.779:ERROR:process_metrics.cc(105)] NOT IMPLEMENTED
Feb 16, 2018 19:32:28.77 [3632:3564:0216/193228.779:ERROR:process_metrics.cc(105)] NOT IMPLEMENTED
Feb 16, 2018 19:32:28.77 [3632:3564:0216/193228.779:ERROR:process_metrics.cc(105)] NOT IMPLEMENTED
Feb 16, 2018 19:34:28.78 [3632:3564:0216/193428.783:ERROR:process_metrics.cc(105)] NOT IMPLEMENTED
Feb 16, 2018 19:34:28.78 [3632:3564:0216/193428.783:ERROR:process_metrics.cc(105)] NOT IMPLEMENTED
Feb 16, 2018 19:34:28.78 [3632:3564:0216/193428.783:ERROR:process_metrics.cc(105)] NOT IMPLEMENTED
Feb 16, 2018 19:34:28.78 [3632:3564:0216/193428.783:ERROR:process_metrics.cc(105)] NOT IMPLEMENTED
Feb 16, 2018 19:34:28.78 [3632:3564:0216/193428.783:ERROR:process_metrics.cc(105)] NOT IMPLEMENTED
Feb 16, 2018 19:34:28.78 [3632:3564:0216/193428.783:ERROR:process_metrics.cc(105)] NOT IMPLEMENTED
Feb 16, 2018 19:34:28.78 [3632:3564:0216/193428.783:ERROR:process_metrics.cc(105)] NOT IMPLEMENTED
Feb 16, 2018 19:34:28.78 [3632:3564:0216/193428.783:ERROR:process_metrics.cc(105)] NOT IMPLEMENTED
Feb 16, 2018 19:34:28.78 [3632:3564:0216/193428.783:ERROR:process_metrics.cc(105)] NOT IMPLEMENTED
Feb 16, 2018 19:36:28.79 [3632:3564:0216/193628.795:ERROR:process_metrics.cc(105)] NOT IMPLEMENTED
Feb 16, 2018 19:36:28.79 [3632:3564:0216/193628.795:ERROR:process_metrics.cc(105)] NOT IMPLEMENTED
Feb 16, 2018 19:36:28.79 [3632:3564:0216/193628.795:ERROR:process_metrics.cc(105)] NOT IMPLEMENTED
Feb 16, 2018 19:36:28.79 [3632:3564:0216/193628.795:ERROR:process_metrics.cc(105)] NOT IMPLEMENTED
Feb 16, 2018 19:36:28.79 [3632:3564:0216/193628.795:ERROR:process_metrics.cc(105)] NOT IMPLEMENTED
Feb 16, 2018 19:36:28.79 [3632:3564:0216/193628.795:ERROR:process_metrics.cc(105)] NOT IMPLEMENTED
Feb 16, 2018 19:36:28.79 [3632:3564:0216/193628.795:ERROR:process_metrics.cc(105)] NOT IMPLEMENTED
Feb 16, 2018 19:36:28.79 [3632:3564:0216/193628.795:ERROR:process_metrics.cc(105)] NOT IMPLEMENTED
Feb 16, 2018 19:36:28.79 [3632:3564:0216/193628.795:ERROR:process_metrics.cc(105)] NOT IMPLEMENTED
Feb 16, 2018 19:38:28.79 [3632:3564:0216/193828.797:ERROR:process_metrics.cc(105)] NOT IMPLEMENTED
Feb 16, 2018 19:38:28.79 [3632:3564:0216/193828.797:ERROR:process_metrics.cc(105)] NOT IMPLEMENTED
Feb 16, 2018 19:38:28.79 [3632:3564:0216/193828.797:ERROR:process_metrics.cc(105)] NOT IMPLEMENTED
Feb 16, 2018 19:38:28.79 [3632:3564:0216/193828.797:ERROR:process_metrics.cc(105)] NOT IMPLEMENTED
Feb 16, 2018 19:38:28.79 [3632:3564:0216/193828.797:ERROR:process_metrics.cc(105)] NOT IMPLEMENTED
Feb 16, 2018 19:38:28.79 [3632:3564:0216/193828.797:ERROR:process_metrics.cc(105)] NOT IMPLEMENTED
Feb 16, 2018 19:38:28.79 [3632:3564:0216/193828.797:ERROR:process_metrics.cc(105)] NOT IMPLEMENTED
Feb 16, 2018 19:38:28.79 [3632:3564:0216/193828.797:ERROR:process_metrics.cc(105)] NOT IMPLEMENTED
Feb 16, 2018 19:38:28.79 [3632:3564:0216/193828.797:ERROR:process_metrics.cc(105)] NOT IMPLEMENTED
Feb 16, 2018 19:40:28.80 [3632:3564:0216/194028.805:ERROR:process_metrics.cc(105)] NOT IMPLEMENTED
Feb 16, 2018 19:40:28.80 [3632:3564:0216/194028.805:ERROR:process_metrics.cc(105)] NOT IMPLEMENTED
Feb 16, 2018 19:40:28.80 [3632:3564:0216/194028.805:ERROR:process_metrics.cc(105)] NOT IMPLEMENTED
Feb 16, 2018 19:40:28.80 [3632:3564:0216/194028.805:ERROR:process_metrics.cc(105)] NOT IMPLEMENTED
Feb 16, 2018 19:40:28.80 [3632:3564:0216/194028.805:ERROR:process_metrics.cc(105)] NOT IMPLEMENTED
Feb 16, 2018 19:40:28.80 [3632:3564:0216/194028.805:ERROR:process_metrics.cc(105)] NOT IMPLEMENTED
Feb 16, 2018 19:40:28.80 [3632:3564:0216/194028.805:ERROR:process_metrics.cc(105)] NOT IMPLEMENTED
Feb 16, 2018 19:40:28.80 [3632:3564:0216/194028.805:ERROR:process_metrics.cc(105)] NOT IMPLEMENTED
Feb 16, 2018 19:40:28.80 [3632:3564:0216/194028.805:ERROR:process_metrics.cc(105)] NOT IMPLEMENTED
Feb 16, 2018 19:42:28.81 [3632:3564:0216/194228.817:ERROR:process_metrics.cc(105)] NOT IMPLEMENTED
Feb 16, 2018 19:42:28.81 [3632:3564:0216/194228.817:ERROR:process_metrics.cc(105)] NOT IMPLEMENTED
Feb 16, 2018 19:42:28.81 [3632:3564:0216/194228.817:ERROR:process_metrics.cc(105)] NOT IMPLEMENTED
Feb 16, 2018 19:42:28.81 [3632:3564:0216/194228.817:ERROR:process_metrics.cc(105)] NOT IMPLEMENTED
Feb 16, 2018 19:42:28.81 [3632:3564:0216/194228.817:ERROR:process_metrics.cc(105)] NOT IMPLEMENTED
Feb 16, 2018 19:42:28.81 [3632:3564:0216/194228.817:ERROR:process_metrics.cc(105)] NOT IMPLEMENTED
Feb 16, 2018 19:42:28.81 [3632:3564:0216/194228.817:ERROR:process_metrics.cc(105)] NOT IMPLEMENTED
Feb 16, 2018 19:42:28.81 [3632:3564:0216/194228.817:ERROR:process_metrics.cc(105)] NOT IMPLEMENTED
Feb 16, 2018 19:42:28.81 [3632:3564:0216/194228.817:ERROR:process_metrics.cc(105)] NOT IMPLEMENTED
Feb 16, 2018 19:44:28.82 [3632:3564:0216/194428.824:ERROR:process_metrics.cc(105)] NOT IMPLEMENTED
Feb 16, 2018 19:44:28.82 [3632:3564:0216/194428.824:ERROR:process_metrics.cc(105)] NOT IMPLEMENTED
Feb 16, 2018 19:44:28.82 [3632:3564:0216/194428.824:ERROR:process_metrics.cc(105)] NOT IMPLEMENTED
Feb 16, 2018 19:44:28.82 [3632:3564:0216/194428.824:ERROR:process_metrics.cc(105)] NOT IMPLEMENTED
Feb 16, 2018 19:44:28.82 [3632:3564:0216/194428.824:ERROR:process_metrics.cc(105)] NOT IMPLEMENTED
Feb 16, 2018 19:44:28.82 [3632:3564:0216/194428.824:ERROR:process_metrics.cc(105)] NOT IMPLEMENTED
Feb 16, 2018 19:44:28.82 [3632:3564:0216/194428.824:ERROR:process_metrics.cc(105)] NOT IMPLEMENTED
Feb 16, 2018 19:44:28.82 [3632:3564:0216/194428.824:ERROR:process_metrics.cc(105)] NOT IMPLEMENTED
Feb 16, 2018 19:44:28.82 [3632:3564:0216/194428.824:ERROR:process_metrics.cc(105)] NOT IMPLEMENTED
Feb 16, 2018 19:46:28.82 [3632:3564:0216/194628.826:ERROR:process_metrics.cc(105)] NOT IMPLEMENTED
Feb 16, 2018 19:46:28.82 [3632:3564:0216/194628.826:ERROR:process_metrics.cc(105)] NOT IMPLEMENTED
Feb 16, 2018 19:46:28.82 [3632:3564:0216/194628.826:ERROR:process_metrics.cc(105)] NOT IMPLEMENTED
Feb 16, 2018 19:46:28.82 [3632:3564:0216/194628.826:ERROR:process_metrics.cc(105)] NOT IMPLEMENTED
Feb 16, 2018 19:46:28.82 [3632:3564:0216/194628.826:ERROR:process_metrics.cc(105)] NOT IMPLEMENTED
Feb 16, 2018 19:46:28.82 [3632:3564:0216/194628.826:ERROR:process_metrics.cc(105)] NOT IMPLEMENTED
Feb 16, 2018 19:46:28.82 [3632:3564:0216/194628.826:ERROR:process_metrics.cc(105)] NOT IMPLEMENTED
Feb 16, 2018 19:46:28.82 [3632:3564:0216/194628.826:ERROR:process_metrics.cc(105)] NOT IMPLEMENTED
Feb 16, 2018 19:46:28.82 [3632:3564:0216/194628.826:ERROR:process_metrics.cc(105)] NOT IMPLEMENTED
Feb 16, 2018 19:48:28.83 [3632:3564:0216/194828.835:ERROR:process_metrics.cc(105)] NOT IMPLEMENTED
Feb 16, 2018 19:48:28.83 [3632:3564:0216/194828.835:ERROR:process_metrics.cc(105)] NOT IMPLEMENTED
Feb 16, 2018 19:48:28.83 [3632:3564:0216/194828.835:ERROR:process_metrics.cc(105)] NOT IMPLEMENTED
Feb 16, 2018 19:48:28.83 [3632:3564:0216/194828.835:ERROR:process_metrics.cc(105)] NOT IMPLEMENTED
Feb 16, 2018 19:48:28.83 [3632:3564:0216/194828.835:ERROR:process_metrics.cc(105)] NOT IMPLEMENTED
Feb 16, 2018 19:48:28.83 [3632:3564:0216/194828.835:ERROR:process_metrics.cc(105)] NOT IMPLEMENTED
Feb 16, 2018 19:48:28.83 [3632:3564:0216/194828.835:ERROR:process_metrics.cc(105)] NOT IMPLEMENTED
Feb 16, 2018 19:48:28.83 [3632:3564:0216/194828.835:ERROR:process_metrics.cc(105)] NOT IMPLEMENTED
Feb 16, 2018 19:48:28.83 [3632:3564:0216/194828.835:ERROR:process_metrics.cc(105)] NOT IMPLEMENTED
Feb 16, 2018 19:50:28.83 [3632:3564:0216/195028.838:ERROR:process_metrics.cc(105)] NOT IMPLEMENTED
Feb 16, 2018 19:50:28.83 [3632:3564:0216/195028.838:ERROR:process_metrics.cc(105)] NOT IMPLEMENTED
Feb 16, 2018 19:50:28.83 [3632:3564:0216/195028.838:ERROR:process_metrics.cc(105)] NOT IMPLEMENTED
Feb 16, 2018 19:50:28.83 [3632:3564:0216/195028.838:ERROR:process_metrics.cc(105)] NOT IMPLEMENTED
Feb 16, 2018 19:50:28.83 [3632:3564:0216/195028.838:ERROR:process_metrics.cc(105)] NOT IMPLEMENTED
Feb 16, 2018 19:50:28.83 [3632:3564:0216/195028.838:ERROR:process_metrics.cc(105)] NOT IMPLEMENTED
Feb 16, 2018 19:50:28.83 [3632:3564:0216/195028.838:ERROR:process_metrics.cc(105)] NOT IMPLEMENTED
Feb 16, 2018 19:50:28.83 [3632:3564:0216/195028.838:ERROR:process_metrics.cc(105)] NOT IMPLEMENTED
Feb 16, 2018 19:50:28.83 [3632:3564:0216/195028.838:ERROR:process_metrics.cc(105)] NOT IMPLEMENTED
Feb 16, 2018 19:52:28.85 [3632:3564:0216/195228.850:ERROR:process_metrics.cc(105)] NOT IMPLEMENTED
Feb 16, 2018 19:52:28.85 [3632:3564:0216/195228.850:ERROR:process_metrics.cc(105)] NOT IMPLEMENTED
Feb 16, 2018 19:52:28.85 [3632:3564:0216/195228.850:ERROR:process_metrics.cc(105)] NOT IMPLEMENTED
Feb 16, 2018 19:52:28.85 [3632:3564:0216/195228.850:ERROR:process_metrics.cc(105)] NOT IMPLEMENTED
Feb 16, 2018 19:52:28.85 [3632:3564:0216/195228.850:ERROR:process_metrics.cc(105)] NOT IMPLEMENTED
Feb 16, 2018 19:52:28.85 [3632:3564:0216/195228.850:ERROR:process_metrics.cc(105)] NOT IMPLEMENTED
Feb 16, 2018 19:52:28.85 [3632:3564:0216/195228.850:ERROR:process_metrics.cc(105)] NOT IMPLEMENTED
Feb 16, 2018 19:52:28.85 [3632:3564:0216/195228.850:ERROR:process_metrics.cc(105)] NOT IMPLEMENTED
Feb 16, 2018 19:52:28.85 [3632:3564:0216/195228.850:ERROR:process_metrics.cc(105)] NOT IMPLEMENTED
Feb 16, 2018 19:54:28.85 [3632:3564:0216/195428.858:ERROR:process_metrics.cc(105)] NOT IMPLEMENTED
Feb 16, 2018 19:54:28.85 [3632:3564:0216/195428.858:ERROR:process_metrics.cc(105)] NOT IMPLEMENTED
Feb 16, 2018 19:54:28.85 [3632:3564:0216/195428.858:ERROR:process_metrics.cc(105)] NOT IMPLEMENTED
Feb 16, 2018 19:54:28.85 [3632:3564:0216/195428.858:ERROR:process_metrics.cc(105)] NOT IMPLEMENTED
Feb 16, 2018 19:54:28.85 [3632:3564:0216/195428.858:ERROR:process_metrics.cc(105)] NOT IMPLEMENTED
Feb 16, 2018 19:54:28.85 [3632:3564:0216/195428.858:ERROR:process_metrics.cc(105)] NOT IMPLEMENTED
Feb 16, 2018 19:54:28.85 [3632:3564:0216/195428.858:ERROR:process_metrics.cc(105)] NOT IMPLEMENTED
Feb 16, 2018 19:54:28.85 [3632:3564:0216/195428.858:ERROR:process_metrics.cc(105)] NOT IMPLEMENTED
Feb 16, 2018 19:54:28.85 [3632:3564:0216/195428.858:ERROR:process_metrics.cc(105)] NOT IMPLEMENTED
Feb 16, 2018 19:56:28.86 [3632:3564:0216/195628.865:ERROR:process_metrics.cc(105)] NOT IMPLEMENTED
Feb 16, 2018 19:56:28.86 [3632:3564:0216/195628.865:ERROR:process_metrics.cc(105)] NOT IMPLEMENTED
Feb 16, 2018 19:56:28.86 [3632:3564:0216/195628.865:ERROR:process_metrics.cc(105)] NOT IMPLEMENTED
Feb 16, 2018 19:56:28.86 [3632:3564:0216/195628.865:ERROR:process_metrics.cc(105)] NOT IMPLEMENTED
Feb 16, 2018 19:56:28.86 [3632:3564:0216/195628.865:ERROR:process_metrics.cc(105)] NOT IMPLEMENTED
Feb 16, 2018 19:56:28.86 [3632:3564:0216/195628.865:ERROR:process_metrics.cc(105)] NOT IMPLEMENTED
Feb 16, 2018 19:56:28.86 [3632:3564:0216/195628.865:ERROR:process_metrics.cc(105)] NOT IMPLEMENTED
Feb 16, 2018 19:56:28.86 [3632:3564:0216/195628.865:ERROR:process_metrics.cc(105)] NOT IMPLEMENTED
Feb 16, 2018 19:56:28.86 [3632:3564:0216/195628.865:ERROR:process_metrics.cc(105)] NOT IMPLEMENTED
Feb 16, 2018 19:58:28.87 [3632:3564:0216/195828.872:ERROR:process_metrics.cc(105)] NOT IMPLEMENTED
Feb 16, 2018 19:58:28.87 [3632:3564:0216/195828.872:ERROR:process_metrics.cc(105)] NOT IMPLEMENTED
Feb 16, 2018 19:58:28.87 [3632:3564:0216/195828.872:ERROR:process_metrics.cc(105)] NOT IMPLEMENTED
Feb 16, 2018 19:58:28.87 [3632:3564:0216/195828.872:ERROR:process_metrics.cc(105)] NOT IMPLEMENTED
Feb 16, 2018 19:58:28.87 [3632:3564:0216/195828.872:ERROR:process_metrics.cc(105)] NOT IMPLEMENTED
Feb 16, 2018 19:58:28.87 [3632:3564:0216/195828.872:ERROR:process_metrics.cc(105)] NOT IMPLEMENTED
Feb 16, 2018 19:58:28.87 [3632:3564:0216/195828.872:ERROR:process_metrics.cc(105)] NOT IMPLEMENTED
Feb 16, 2018 19:58:28.87 [3632:3564:0216/195828.872:ERROR:process_metrics.cc(105)] NOT IMPLEMENTED
Feb 16, 2018 19:58:28.87 [3632:3564:0216/195828.872:ERROR:process_metrics.cc(105)] NOT IMPLEMENTED
